mode: atomic
github.com/editframe/telecine/scheduler/cmd/scheduler/main.go:23.13,30.58 5 0
github.com/editframe/telecine/scheduler/cmd/scheduler/main.go:30.58,32.3 1 0
github.com/editframe/telecine/scheduler/cmd/scheduler/main.go:34.2,35.16 2 0
github.com/editframe/telecine/scheduler/cmd/scheduler/main.go:35.16,37.3 1 0
github.com/editframe/telecine/scheduler/cmd/scheduler/main.go:39.2,40.16 2 0
github.com/editframe/telecine/scheduler/cmd/scheduler/main.go:40.16,42.3 1 0
github.com/editframe/telecine/scheduler/cmd/scheduler/main.go:44.2,45.27 2 0
github.com/editframe/telecine/scheduler/cmd/scheduler/main.go:45.27,52.3 1 0
github.com/editframe/telecine/scheduler/cmd/scheduler/main.go:55.2,56.12 2 0
github.com/editframe/telecine/scheduler/cmd/scheduler/main.go:56.12,57.43 1 0
github.com/editframe/telecine/scheduler/cmd/scheduler/main.go:57.43,59.4 1 0
github.com/editframe/telecine/scheduler/cmd/scheduler/main.go:62.2,72.16 4 0
github.com/editframe/telecine/scheduler/cmd/scheduler/main.go:72.16,78.3 1 0
github.com/editframe/telecine/scheduler/cmd/scheduler/main.go:80.2,87.16 4 0
github.com/editframe/telecine/scheduler/cmd/scheduler/main.go:87.16,89.3 1 0
github.com/editframe/telecine/scheduler/cmd/scheduler/main.go:90.2,93.34 2 0
github.com/editframe/telecine/scheduler/cmd/scheduler/main.go:93.34,95.3 1 0
github.com/editframe/telecine/scheduler/cmd/scheduler/main.go:97.2,100.16 3 0
github.com/editframe/telecine/scheduler/cmd/scheduler/main.go:100.16,102.3 1 0
github.com/editframe/telecine/scheduler/cmd/scheduler/main.go:104.2,161.54 26 0
github.com/editframe/telecine/scheduler/cmd/scheduler/main.go:161.54,163.3 1 0
github.com/editframe/telecine/scheduler/cmd/scheduler/main.go:165.2,169.53 4 0
github.com/editframe/telecine/scheduler/cmd/scheduler/main.go:169.53,171.3 1 0
github.com/editframe/telecine/scheduler/cmd/scheduler/main.go:173.2,173.40 1 0
github.com/editframe/telecine/scheduler/internal/config/config.go:27.30,29.49 2 4
github.com/editframe/telecine/scheduler/internal/config/config.go:29.49,31.17 2 2
github.com/editframe/telecine/scheduler/internal/config/config.go:31.17,33.4 1 1
github.com/editframe/telecine/scheduler/internal/config/config.go:34.3,34.11 1 1
github.com/editframe/telecine/scheduler/internal/config/config.go:37.2,38.68 2 3
github.com/editframe/telecine/scheduler/internal/config/config.go:38.68,40.17 2 2
github.com/editframe/telecine/scheduler/internal/config/config.go:40.17,42.4 1 1
github.com/editframe/telecine/scheduler/internal/config/config.go:43.3,43.17 1 1
github.com/editframe/telecine/scheduler/internal/config/config.go:46.2,62.8 1 2
github.com/editframe/telecine/scheduler/internal/config/config.go:65.46,66.42 1 19
github.com/editframe/telecine/scheduler/internal/config/config.go:66.42,68.3 1 9
github.com/editframe/telecine/scheduler/internal/config/config.go:69.2,69.21 1 10
github.com/editframe/telecine/scheduler/internal/config/config.go:72.50,73.42 1 8
github.com/editframe/telecine/scheduler/internal/config/config.go:73.42,74.55 1 8
github.com/editframe/telecine/scheduler/internal/config/config.go:74.55,76.4 1 8
github.com/editframe/telecine/scheduler/internal/config/config.go:78.2,78.21 1 0
github.com/editframe/telecine/scheduler/internal/config/config.go:81.60,82.42 1 2
github.com/editframe/telecine/scheduler/internal/config/config.go:82.42,83.67 1 2
github.com/editframe/telecine/scheduler/internal/config/config.go:83.67,85.4 1 2
github.com/editframe/telecine/scheduler/internal/config/config.go:87.2,87.21 1 0
github.com/editframe/telecine/scheduler/internal/testutil/memory.go:19.39,29.2 5 0
github.com/editframe/telecine/scheduler/internal/testutil/memory.go:34.75,37.21 2 0
github.com/editframe/telecine/scheduler/internal/testutil/memory.go:37.21,39.3 1 0
github.com/editframe/telecine/scheduler/internal/testutil/memory.go:42.2,49.26 4 0
github.com/editframe/telecine/scheduler/internal/testutil/memory.go:49.26,51.3 1 0
github.com/editframe/telecine/scheduler/internal/testutil/memory.go:52.2,55.37 2 0
github.com/editframe/telecine/scheduler/internal/testutil/memory.go:55.37,57.3 1 0
github.com/editframe/telecine/scheduler/internal/testutil/memory.go:58.2,86.87 16 0
github.com/editframe/telecine/scheduler/internal/testutil/memory.go:92.79,104.2 5 0
github.com/editframe/telecine/scheduler/internal/testutil/memory.go:106.32,107.50 1 0
github.com/editframe/telecine/scheduler/internal/testutil/memory.go:107.50,109.17 2 0
github.com/editframe/telecine/scheduler/internal/testutil/memory.go:109.17,111.4 1 0
github.com/editframe/telecine/scheduler/internal/testutil/memory.go:112.3,112.27 1 0
github.com/editframe/telecine/scheduler/internal/testutil/memory.go:114.2,114.25 1 0
github.com/editframe/telecine/scheduler/internal/testutil/tracing.go:24.49,40.19 7 2
github.com/editframe/telecine/scheduler/internal/testutil/tracing.go:40.19,41.17 1 2
github.com/editframe/telecine/scheduler/internal/testutil/tracing.go:41.17,51.4 3 0
github.com/editframe/telecine/scheduler/internal/testutil/tracing.go:51.9,51.25 1 2
github.com/editframe/telecine/scheduler/internal/testutil/tracing.go:51.25,57.4 2 0
github.com/editframe/telecine/scheduler/internal/testutil/tracing.go:57.9,63.4 2 2
github.com/editframe/telecine/scheduler/internal/testutil/tracing.go:64.3,64.13 1 2
github.com/editframe/telecine/scheduler/internal/testutil/tracing.go:67.2,67.12 1 2
github.com/editframe/telecine/scheduler/internal/testutil/tracing.go:75.61,76.66 1 0
github.com/editframe/telecine/scheduler/internal/testutil/tracing.go:76.66,78.3 1 0
github.com/editframe/telecine/scheduler/internal/testutil/tracing.go:80.2,80.25 1 0
github.com/editframe/telecine/scheduler/internal/testutil/tracing.go:89.80,91.2 1 0
github.com/editframe/telecine/scheduler/internal/testutil/tracing.go:100.50,102.24 2 0
github.com/editframe/telecine/scheduler/internal/testutil/tracing.go:102.24,105.3 2 0
github.com/editframe/telecine/scheduler/internal/testutil/tracing.go:109.76,111.24 2 0
github.com/editframe/telecine/scheduler/internal/testutil/tracing.go:111.24,115.3 3 0
github.com/editframe/telecine/scheduler/internal/testutil/tracing.go:120.31,122.2 1 0
github.com/editframe/telecine/scheduler/internal/connection/transitions/state_machine.go:8.70,11.18 2 45
github.com/editframe/telecine/scheduler/internal/connection/transitions/state_machine.go:11.18,17.3 1 1
github.com/editframe/telecine/scheduler/internal/connection/transitions/state_machine.go:20.2,21.17 2 44
github.com/editframe/telecine/scheduler/internal/connection/transitions/state_machine.go:21.17,27.3 1 13
github.com/editframe/telecine/scheduler/internal/connection/transitions/state_machine.go:29.2,33.3 1 31
github.com/editframe/telecine/scheduler/internal/connection/transitions/state_machine.go:38.56,40.19 2 2
github.com/editframe/telecine/scheduler/internal/connection/transitions/state_machine.go:40.19,42.3 1 1
github.com/editframe/telecine/scheduler/internal/connection/transitions/state_machine.go:43.2,43.12 1 1
github.com/editframe/telecine/scheduler/internal/connection/transitions/state_machine.go:48.40,50.2 1 5
github.com/editframe/telecine/scheduler/internal/connection/transitions/state_machine.go:54.42,56.13 2 11
github.com/editframe/telecine/scheduler/internal/connection/transitions/state_machine.go:56.13,58.3 1 1
github.com/editframe/telecine/scheduler/internal/connection/transitions/state_machine.go:60.2,61.33 2 10
github.com/editframe/telecine/scheduler/internal/connection/transitions/state_machine.go:61.33,63.3 1 23
github.com/editframe/telecine/scheduler/internal/connection/transitions/state_machine.go:64.2,64.15 1 10
github.com/editframe/telecine/scheduler/internal/connection/transitions/state_machine.go:69.29,77.2 1 1
github.com/editframe/telecine/scheduler/internal/connection/transitions/state_machine.go:81.29,91.2 1 2
github.com/editframe/telecine/scheduler/internal/queue/queue.go:17.36,19.22 2 3
github.com/editframe/telecine/scheduler/internal/queue/queue.go:19.22,21.3 1 1
github.com/editframe/telecine/scheduler/internal/queue/queue.go:23.2,26.29 3 2
github.com/editframe/telecine/scheduler/internal/queue/queue.go:26.29,28.17 2 4
github.com/editframe/telecine/scheduler/internal/queue/queue.go:28.17,29.12 1 0
github.com/editframe/telecine/scheduler/internal/queue/queue.go:31.3,32.17 2 4
github.com/editframe/telecine/scheduler/internal/queue/queue.go:32.17,34.4 1 1
github.com/editframe/telecine/scheduler/internal/queue/queue.go:35.3,35.33 1 3
github.com/editframe/telecine/scheduler/internal/queue/queue.go:38.2,38.22 1 1
github.com/editframe/telecine/scheduler/internal/queue/queue.go:38.22,40.3 1 0
github.com/editframe/telecine/scheduler/internal/queue/queue.go:42.2,42.20 1 1
github.com/editframe/telecine/scheduler/internal/queue/queue.go:45.44,49.18 3 9
github.com/editframe/telecine/scheduler/internal/queue/queue.go:49.18,51.3 1 2
github.com/editframe/telecine/scheduler/internal/queue/queue.go:53.2,54.66 2 7
github.com/editframe/telecine/scheduler/internal/queue/queue.go:54.66,56.17 2 2
github.com/editframe/telecine/scheduler/internal/queue/queue.go:56.17,58.4 1 1
github.com/editframe/telecine/scheduler/internal/queue/queue.go:59.3,59.25 1 1
github.com/editframe/telecine/scheduler/internal/queue/queue.go:62.2,63.66 2 6
github.com/editframe/telecine/scheduler/internal/queue/queue.go:63.66,65.17 2 2
github.com/editframe/telecine/scheduler/internal/queue/queue.go:65.17,67.4 1 1
github.com/editframe/telecine/scheduler/internal/queue/queue.go:68.3,68.34 1 1
github.com/editframe/telecine/scheduler/internal/queue/queue.go:71.2,76.8 1 5
github.com/editframe/telecine/scheduler/internal/queue/queue.go:79.44,83.2 3 18
github.com/editframe/telecine/scheduler/internal/testutil/memory.go:19.39,29.2 5 0
github.com/editframe/telecine/scheduler/internal/testutil/memory.go:34.75,37.21 2 0
github.com/editframe/telecine/scheduler/internal/testutil/memory.go:37.21,39.3 1 0
github.com/editframe/telecine/scheduler/internal/testutil/memory.go:42.2,49.26 4 0
github.com/editframe/telecine/scheduler/internal/testutil/memory.go:49.26,51.3 1 0
github.com/editframe/telecine/scheduler/internal/testutil/memory.go:52.2,55.37 2 0
github.com/editframe/telecine/scheduler/internal/testutil/memory.go:55.37,57.3 1 0
github.com/editframe/telecine/scheduler/internal/testutil/memory.go:58.2,86.87 16 0
github.com/editframe/telecine/scheduler/internal/testutil/memory.go:92.79,104.2 5 0
github.com/editframe/telecine/scheduler/internal/testutil/memory.go:106.32,107.50 1 0
github.com/editframe/telecine/scheduler/internal/testutil/memory.go:107.50,109.17 2 0
github.com/editframe/telecine/scheduler/internal/testutil/memory.go:109.17,111.4 1 0
github.com/editframe/telecine/scheduler/internal/testutil/memory.go:112.3,112.27 1 0
github.com/editframe/telecine/scheduler/internal/testutil/memory.go:114.2,114.25 1 0
github.com/editframe/telecine/scheduler/internal/testutil/tracing.go:24.49,40.19 7 3
github.com/editframe/telecine/scheduler/internal/testutil/tracing.go:40.19,41.17 1 3
github.com/editframe/telecine/scheduler/internal/testutil/tracing.go:41.17,51.4 3 0
github.com/editframe/telecine/scheduler/internal/testutil/tracing.go:51.9,51.25 1 3
github.com/editframe/telecine/scheduler/internal/testutil/tracing.go:51.25,57.4 2 0
github.com/editframe/telecine/scheduler/internal/testutil/tracing.go:57.9,63.4 2 3
github.com/editframe/telecine/scheduler/internal/testutil/tracing.go:64.3,64.13 1 3
github.com/editframe/telecine/scheduler/internal/testutil/tracing.go:67.2,67.12 1 3
github.com/editframe/telecine/scheduler/internal/testutil/tracing.go:75.61,76.66 1 0
github.com/editframe/telecine/scheduler/internal/testutil/tracing.go:76.66,78.3 1 0
github.com/editframe/telecine/scheduler/internal/testutil/tracing.go:80.2,80.25 1 0
github.com/editframe/telecine/scheduler/internal/testutil/tracing.go:89.80,91.2 1 0
github.com/editframe/telecine/scheduler/internal/testutil/tracing.go:100.50,102.24 2 0
github.com/editframe/telecine/scheduler/internal/testutil/tracing.go:102.24,105.3 2 0
github.com/editframe/telecine/scheduler/internal/testutil/tracing.go:109.76,111.24 2 0
github.com/editframe/telecine/scheduler/internal/testutil/tracing.go:111.24,115.3 3 0
github.com/editframe/telecine/scheduler/internal/testutil/tracing.go:120.31,122.2 1 0
github.com/editframe/telecine/scheduler/internal/lifecycle/consumer.go:35.111,46.2 3 9
github.com/editframe/telecine/scheduler/internal/lifecycle/consumer.go:48.53,52.15 3 0
github.com/editframe/telecine/scheduler/internal/lifecycle/consumer.go:52.15,55.3 2 0
github.com/editframe/telecine/scheduler/internal/lifecycle/consumer.go:57.2,57.42 1 0
github.com/editframe/telecine/scheduler/internal/lifecycle/consumer.go:57.42,59.3 1 0
github.com/editframe/telecine/scheduler/internal/lifecycle/consumer.go:61.2,64.12 4 0
github.com/editframe/telecine/scheduler/internal/lifecycle/consumer.go:67.53,72.6 3 0
github.com/editframe/telecine/scheduler/internal/lifecycle/consumer.go:72.6,73.10 1 0
github.com/editframe/telecine/scheduler/internal/lifecycle/consumer.go:74.21,76.10 2 0
github.com/editframe/telecine/scheduler/internal/lifecycle/consumer.go:77.19,79.10 2 0
github.com/editframe/telecine/scheduler/internal/lifecycle/consumer.go:80.53,81.49 1 0
github.com/editframe/telecine/scheduler/internal/lifecycle/consumer.go:81.49,83.5 1 0
github.com/editframe/telecine/scheduler/internal/lifecycle/consumer.go:88.27,90.16 2 0
github.com/editframe/telecine/scheduler/internal/lifecycle/consumer.go:90.16,93.3 2 0
github.com/editframe/telecine/scheduler/internal/lifecycle/consumer.go:94.2,97.13 3 0
github.com/editframe/telecine/scheduler/internal/lifecycle/consumer.go:100.58,107.81 3 9
github.com/editframe/telecine/scheduler/internal/lifecycle/consumer.go:107.81,109.3 1 0
github.com/editframe/telecine/scheduler/internal/lifecycle/consumer.go:110.2,110.12 1 9
github.com/editframe/telecine/scheduler/internal/lifecycle/consumer.go:113.63,125.16 3 9
github.com/editframe/telecine/scheduler/internal/lifecycle/consumer.go:125.16,126.23 1 0
github.com/editframe/telecine/scheduler/internal/lifecycle/consumer.go:126.23,129.4 1 0
github.com/editframe/telecine/scheduler/internal/lifecycle/consumer.go:132.3,132.34 1 0
github.com/editframe/telecine/scheduler/internal/lifecycle/consumer.go:132.34,140.52 2 0
github.com/editframe/telecine/scheduler/internal/lifecycle/consumer.go:140.52,145.5 2 0
github.com/editframe/telecine/scheduler/internal/lifecycle/consumer.go:147.4,154.14 2 0
github.com/editframe/telecine/scheduler/internal/lifecycle/consumer.go:157.3,157.59 1 0
github.com/editframe/telecine/scheduler/internal/lifecycle/consumer.go:160.2,160.23 1 9
github.com/editframe/telecine/scheduler/internal/lifecycle/consumer.go:160.23,163.3 1 0
github.com/editframe/telecine/scheduler/internal/lifecycle/consumer.go:166.2,167.31 2 9
github.com/editframe/telecine/scheduler/internal/lifecycle/consumer.go:167.31,169.3 1 0
github.com/editframe/telecine/scheduler/internal/lifecycle/consumer.go:171.2,179.38 4 9
github.com/editframe/telecine/scheduler/internal/lifecycle/consumer.go:179.38,184.17 3 9
github.com/editframe/telecine/scheduler/internal/lifecycle/consumer.go:184.17,190.12 2 0
github.com/editframe/telecine/scheduler/internal/lifecycle/consumer.go:193.3,193.62 1 9
github.com/editframe/telecine/scheduler/internal/lifecycle/consumer.go:196.2,196.33 1 9
github.com/editframe/telecine/scheduler/internal/lifecycle/consumer.go:196.33,201.3 1 0
github.com/editframe/telecine/scheduler/internal/lifecycle/consumer.go:201.8,203.71 1 9
github.com/editframe/telecine/scheduler/internal/lifecycle/consumer.go:203.71,210.4 1 0
github.com/editframe/telecine/scheduler/internal/lifecycle/consumer.go:214.2,214.25 1 9
github.com/editframe/telecine/scheduler/internal/lifecycle/consumer.go:214.25,215.91 1 9
github.com/editframe/telecine/scheduler/internal/lifecycle/consumer.go:215.91,221.4 2 0
github.com/editframe/telecine/scheduler/internal/lifecycle/consumer.go:223.3,226.59 1 9
github.com/editframe/telecine/scheduler/internal/lifecycle/consumer.go:229.2,229.12 1 9
github.com/editframe/telecine/scheduler/internal/lifecycle/consumer.go:234.57,235.16 1 6
github.com/editframe/telecine/scheduler/internal/lifecycle/consumer.go:235.16,237.3 1 1
github.com/editframe/telecine/scheduler/internal/lifecycle/consumer.go:239.2,245.45 2 5
github.com/editframe/telecine/scheduler/internal/lifecycle/database.go:19.78,24.2 1 9
github.com/editframe/telecine/scheduler/internal/lifecycle/database.go:28.100,29.22 1 5
github.com/editframe/telecine/scheduler/internal/lifecycle/database.go:29.22,31.3 1 0
github.com/editframe/telecine/scheduler/internal/lifecycle/database.go:33.2,42.16 4 5
github.com/editframe/telecine/scheduler/internal/lifecycle/database.go:42.16,50.3 2 0
github.com/editframe/telecine/scheduler/internal/lifecycle/database.go:52.2,58.12 2 5
github.com/editframe/telecine/scheduler/internal/lifecycle/database.go:63.71,64.22 1 1
github.com/editframe/telecine/scheduler/internal/lifecycle/database.go:64.22,66.3 1 0
github.com/editframe/telecine/scheduler/internal/lifecycle/database.go:68.2,75.16 4 1
github.com/editframe/telecine/scheduler/internal/lifecycle/database.go:75.16,81.3 2 0
github.com/editframe/telecine/scheduler/internal/lifecycle/database.go:83.2,87.12 2 1
github.com/editframe/telecine/scheduler/internal/lifecycle/database.go:91.76,93.2 1 1
github.com/editframe/telecine/scheduler/internal/lifecycle/database.go:96.78,98.2 1 1
github.com/editframe/telecine/scheduler/internal/lifecycle/database.go:101.75,103.2 1 1
github.com/editframe/telecine/scheduler/internal/lifecycle/database.go:106.73,108.2 1 1
github.com/editframe/telecine/scheduler/internal/lifecycle/database.go:112.79,113.22 1 1
github.com/editframe/telecine/scheduler/internal/lifecycle/database.go:113.22,115.3 1 0
github.com/editframe/telecine/scheduler/internal/lifecycle/database.go:117.2,128.16 4 1
github.com/editframe/telecine/scheduler/internal/lifecycle/database.go:128.16,134.3 2 0
github.com/editframe/telecine/scheduler/internal/lifecycle/database.go:136.2,140.12 2 1
github.com/editframe/telecine/scheduler/internal/lifecycle/database.go:145.84,147.2 1 1
github.com/editframe/telecine/scheduler/internal/lifecycle/database.go:153.102,154.24 1 1
github.com/editframe/telecine/scheduler/internal/lifecycle/database.go:154.24,156.3 1 0
github.com/editframe/telecine/scheduler/internal/lifecycle/database.go:158.2,163.31 2 1
github.com/editframe/telecine/scheduler/internal/lifecycle/database.go:163.31,166.25 2 1
github.com/editframe/telecine/scheduler/internal/lifecycle/database.go:166.25,171.18 3 1
github.com/editframe/telecine/scheduler/internal/lifecycle/database.go:171.18,177.5 2 0
github.com/editframe/telecine/scheduler/internal/lifecycle/database.go:181.3,189.31 4 1
github.com/editframe/telecine/scheduler/internal/lifecycle/database.go:189.31,191.4 1 1
github.com/editframe/telecine/scheduler/internal/lifecycle/database.go:191.9,193.4 1 0
github.com/editframe/telecine/scheduler/internal/lifecycle/database.go:195.3,195.17 1 1
github.com/editframe/telecine/scheduler/internal/lifecycle/database.go:195.17,201.4 2 0
github.com/editframe/telecine/scheduler/internal/lifecycle/database.go:204.3,205.17 2 1
github.com/editframe/telecine/scheduler/internal/lifecycle/database.go:205.17,210.4 1 0
github.com/editframe/telecine/scheduler/internal/lifecycle/database.go:210.9,210.31 1 1
github.com/editframe/telecine/scheduler/internal/lifecycle/database.go:210.31,214.4 1 0
github.com/editframe/telecine/scheduler/internal/lifecycle/database.go:214.9,219.4 1 1
github.com/editframe/telecine/scheduler/internal/lifecycle/database.go:222.2,226.12 2 1
github.com/editframe/telecine/scheduler/internal/lifecycle/database.go:231.100,232.24 1 1
github.com/editframe/telecine/scheduler/internal/lifecycle/database.go:232.24,234.3 1 0
github.com/editframe/telecine/scheduler/internal/lifecycle/database.go:236.2,245.31 4 1
github.com/editframe/telecine/scheduler/internal/lifecycle/database.go:245.31,246.25 1 1
github.com/editframe/telecine/scheduler/internal/lifecycle/database.go:246.25,248.76 1 1
github.com/editframe/telecine/scheduler/internal/lifecycle/database.go:248.76,249.80 1 1
github.com/editframe/telecine/scheduler/internal/lifecycle/database.go:249.80,250.50 1 1
github.com/editframe/telecine/scheduler/internal/lifecycle/database.go:250.50,252.7 1 1
github.com/editframe/telecine/scheduler/internal/lifecycle/database.go:254.5,254.70 1 1
github.com/editframe/telecine/scheduler/internal/lifecycle/database.go:254.70,255.45 1 1
github.com/editframe/telecine/scheduler/internal/lifecycle/database.go:255.45,257.7 1 1
github.com/editframe/telecine/scheduler/internal/lifecycle/database.go:264.2,264.29 1 1
github.com/editframe/telecine/scheduler/internal/lifecycle/database.go:264.29,272.17 3 1
github.com/editframe/telecine/scheduler/internal/lifecycle/database.go:272.17,278.4 2 0
github.com/editframe/telecine/scheduler/internal/lifecycle/database.go:282.2,282.24 1 1
github.com/editframe/telecine/scheduler/internal/lifecycle/database.go:282.24,290.17 3 1
github.com/editframe/telecine/scheduler/internal/lifecycle/database.go:290.17,296.4 2 0
github.com/editframe/telecine/scheduler/internal/lifecycle/database.go:299.2,304.12 2 1
github.com/editframe/telecine/scheduler/internal/lifecycle/message.go:59.62,65.52 2 0
github.com/editframe/telecine/scheduler/internal/lifecycle/message.go:65.52,67.3 1 0
github.com/editframe/telecine/scheduler/internal/lifecycle/message.go:69.2,69.19 1 0
github.com/editframe/telecine/scheduler/internal/lifecycle/message.go:70.28,72.55 2 0
github.com/editframe/telecine/scheduler/internal/lifecycle/message.go:72.55,74.4 1 0
github.com/editframe/telecine/scheduler/internal/lifecycle/message.go:75.3,76.36 2 0
github.com/editframe/telecine/scheduler/internal/lifecycle/message.go:77.20,79.60 2 0
github.com/editframe/telecine/scheduler/internal/lifecycle/message.go:79.60,81.4 1 0
github.com/editframe/telecine/scheduler/internal/lifecycle/message.go:82.3,83.31 2 0
github.com/editframe/telecine/scheduler/internal/lifecycle/message.go:84.10,85.69 1 0
github.com/editframe/telecine/scheduler/internal/lifecycle/message.go:88.2,88.12 1 0
github.com/editframe/telecine/scheduler/internal/lifecycle/message.go:92.59,93.35 1 0
github.com/editframe/telecine/scheduler/internal/lifecycle/message.go:93.35,95.3 1 0
github.com/editframe/telecine/scheduler/internal/lifecycle/message.go:96.2,96.40 1 0
github.com/editframe/telecine/scheduler/internal/lifecycle/message.go:96.40,98.3 1 0
github.com/editframe/telecine/scheduler/internal/lifecycle/message.go:99.2,99.54 1 0
github.com/editframe/telecine/scheduler/internal/lifecycle/message.go:103.49,105.2 1 16
github.com/editframe/telecine/scheduler/internal/lifecycle/message.go:108.54,110.2 1 2
github.com/editframe/telecine/scheduler/internal/lifecycle/message.go:113.53,114.35 1 0
github.com/editframe/telecine/scheduler/internal/lifecycle/message.go:114.35,116.3 1 0
github.com/editframe/telecine/scheduler/internal/lifecycle/message.go:117.2,117.40 1 0
github.com/editframe/telecine/scheduler/internal/lifecycle/message.go:117.40,119.3 1 0
github.com/editframe/telecine/scheduler/internal/lifecycle/message.go:120.2,120.11 1 0
github.com/editframe/telecine/scheduler/internal/lifecycle/message.go:124.55,125.35 1 0
github.com/editframe/telecine/scheduler/internal/lifecycle/message.go:125.35,127.3 1 0
github.com/editframe/telecine/scheduler/internal/lifecycle/message.go:128.2,128.40 1 0
github.com/editframe/telecine/scheduler/internal/lifecycle/message.go:128.40,130.3 1 0
github.com/editframe/telecine/scheduler/internal/lifecycle/message.go:131.2,131.11 1 0
github.com/editframe/telecine/scheduler/internal/lifecycle/message.go:136.85,138.9 2 9
github.com/editframe/telecine/scheduler/internal/lifecycle/message.go:138.9,140.3 1 0
github.com/editframe/telecine/scheduler/internal/lifecycle/message.go:142.2,143.9 2 9
github.com/editframe/telecine/scheduler/internal/lifecycle/message.go:143.9,145.3 1 0
github.com/editframe/telecine/scheduler/internal/lifecycle/message.go:147.2,148.9 2 9
github.com/editframe/telecine/scheduler/internal/lifecycle/message.go:148.9,150.3 1 0
github.com/editframe/telecine/scheduler/internal/lifecycle/message.go:153.2,154.70 2 9
github.com/editframe/telecine/scheduler/internal/lifecycle/message.go:154.70,156.3 1 0
github.com/editframe/telecine/scheduler/internal/lifecycle/message.go:158.2,161.17 3 9
github.com/editframe/telecine/scheduler/internal/lifecycle/message.go:162.28,164.10 2 7
github.com/editframe/telecine/scheduler/internal/lifecycle/message.go:164.10,166.4 1 0
github.com/editframe/telecine/scheduler/internal/lifecycle/message.go:168.3,169.10 2 7
github.com/editframe/telecine/scheduler/internal/lifecycle/message.go:169.10,171.4 1 0
github.com/editframe/telecine/scheduler/internal/lifecycle/message.go:173.3,174.10 2 7
github.com/editframe/telecine/scheduler/internal/lifecycle/message.go:174.10,176.4 1 0
github.com/editframe/telecine/scheduler/internal/lifecycle/message.go:178.3,179.10 2 7
github.com/editframe/telecine/scheduler/internal/lifecycle/message.go:179.10,181.4 1 0
github.com/editframe/telecine/scheduler/internal/lifecycle/message.go:183.3,184.10 2 7
github.com/editframe/telecine/scheduler/internal/lifecycle/message.go:184.10,186.4 1 0
github.com/editframe/telecine/scheduler/internal/lifecycle/message.go:188.3,189.79 2 7
github.com/editframe/telecine/scheduler/internal/lifecycle/message.go:189.79,191.4 1 0
github.com/editframe/telecine/scheduler/internal/lifecycle/message.go:193.3,205.55 2 7
github.com/editframe/telecine/scheduler/internal/lifecycle/message.go:205.55,209.71 2 0
github.com/editframe/telecine/scheduler/internal/lifecycle/message.go:209.71,211.5 1 0
github.com/editframe/telecine/scheduler/internal/lifecycle/message.go:214.3,214.61 1 7
github.com/editframe/telecine/scheduler/internal/lifecycle/message.go:216.20,218.10 2 2
github.com/editframe/telecine/scheduler/internal/lifecycle/message.go:218.10,220.4 1 0
github.com/editframe/telecine/scheduler/internal/lifecycle/message.go:222.3,223.10 2 2
github.com/editframe/telecine/scheduler/internal/lifecycle/message.go:223.10,225.4 1 0
github.com/editframe/telecine/scheduler/internal/lifecycle/message.go:227.3,228.10 2 2
github.com/editframe/telecine/scheduler/internal/lifecycle/message.go:228.10,230.4 1 0
github.com/editframe/telecine/scheduler/internal/lifecycle/message.go:232.3,242.55 2 2
github.com/editframe/telecine/scheduler/internal/lifecycle/message.go:242.55,244.71 2 2
github.com/editframe/telecine/scheduler/internal/lifecycle/message.go:244.71,246.5 1 2
github.com/editframe/telecine/scheduler/internal/lifecycle/message.go:249.3,249.71 1 2
github.com/editframe/telecine/scheduler/internal/lifecycle/message.go:251.10,252.62 1 0
github.com/editframe/telecine/scheduler/internal/lifecycle/registry.go:36.80,44.53 2 9
github.com/editframe/telecine/scheduler/internal/lifecycle/registry.go:44.53,45.25 1 3
github.com/editframe/telecine/scheduler/internal/lifecycle/registry.go:45.25,47.4 1 3
github.com/editframe/telecine/scheduler/internal/lifecycle/registry.go:48.3,48.12 1 0
github.com/editframe/telecine/scheduler/internal/lifecycle/registry.go:52.2,52.58 1 9
github.com/editframe/telecine/scheduler/internal/lifecycle/registry.go:52.58,53.25 1 4
github.com/editframe/telecine/scheduler/internal/lifecycle/registry.go:53.25,55.4 1 4
github.com/editframe/telecine/scheduler/internal/lifecycle/registry.go:56.3,56.12 1 0
github.com/editframe/telecine/scheduler/internal/lifecycle/registry.go:60.2,122.17 8 9
github.com/editframe/telecine/scheduler/internal/lifecycle/registry.go:126.72,128.13 2 14
github.com/editframe/telecine/scheduler/internal/lifecycle/registry.go:128.13,130.3 1 0
github.com/editframe/telecine/scheduler/internal/lifecycle/registry.go:131.2,131.21 1 14
github.com/editframe/telecine/scheduler/internal/lifecycle/registry.go:135.86,137.13 2 2
github.com/editframe/telecine/scheduler/internal/lifecycle/registry.go:137.13,139.3 1 0
github.com/editframe/telecine/scheduler/internal/lifecycle/registry.go:140.2,140.21 1 2
github.com/editframe/telecine/scheduler/internal/lifecycle/registry.go:145.72,146.24 1 9
github.com/editframe/telecine/scheduler/internal/lifecycle/registry.go:146.24,148.3 1 0
github.com/editframe/telecine/scheduler/internal/lifecycle/registry.go:150.2,158.31 4 9
github.com/editframe/telecine/scheduler/internal/lifecycle/registry.go:158.31,159.25 1 9
github.com/editframe/telecine/scheduler/internal/lifecycle/registry.go:159.25,161.4 1 7
github.com/editframe/telecine/scheduler/internal/lifecycle/registry.go:161.9,161.37 1 2
github.com/editframe/telecine/scheduler/internal/lifecycle/registry.go:161.37,163.4 1 2
github.com/editframe/telecine/scheduler/internal/lifecycle/registry.go:166.2,169.26 2 9
github.com/editframe/telecine/scheduler/internal/lifecycle/registry.go:169.26,170.59 1 7
github.com/editframe/telecine/scheduler/internal/lifecycle/registry.go:170.59,172.4 1 0
github.com/editframe/telecine/scheduler/internal/lifecycle/registry.go:176.2,176.31 1 9
github.com/editframe/telecine/scheduler/internal/lifecycle/registry.go:176.31,177.69 1 2
github.com/editframe/telecine/scheduler/internal/lifecycle/registry.go:177.69,179.4 1 0
github.com/editframe/telecine/scheduler/internal/lifecycle/registry.go:182.2,182.18 1 9
github.com/editframe/telecine/scheduler/internal/lifecycle/registry.go:186.75,191.31 2 7
github.com/editframe/telecine/scheduler/internal/lifecycle/registry.go:191.31,197.17 4 7
github.com/editframe/telecine/scheduler/internal/lifecycle/registry.go:197.17,202.12 2 0
github.com/editframe/telecine/scheduler/internal/lifecycle/registry.go:206.3,207.18 2 7
github.com/editframe/telecine/scheduler/internal/lifecycle/registry.go:207.18,212.12 2 0
github.com/editframe/telecine/scheduler/internal/lifecycle/registry.go:216.3,216.31 1 7
github.com/editframe/telecine/scheduler/internal/lifecycle/registry.go:216.31,218.4 1 7
github.com/editframe/telecine/scheduler/internal/lifecycle/registry.go:221.3,221.69 1 7
github.com/editframe/telecine/scheduler/internal/lifecycle/registry.go:225.2,226.45 2 7
github.com/editframe/telecine/scheduler/internal/lifecycle/registry.go:226.45,228.17 2 7
github.com/editframe/telecine/scheduler/internal/lifecycle/registry.go:228.17,234.12 3 0
github.com/editframe/telecine/scheduler/internal/lifecycle/registry.go:238.3,238.42 1 7
github.com/editframe/telecine/scheduler/internal/lifecycle/registry.go:238.42,239.70 1 7
github.com/editframe/telecine/scheduler/internal/lifecycle/registry.go:239.70,247.5 2 0
github.com/editframe/telecine/scheduler/internal/lifecycle/registry.go:251.2,251.18 1 7
github.com/editframe/telecine/scheduler/internal/lifecycle/registry.go:255.80,259.31 2 2
github.com/editframe/telecine/scheduler/internal/lifecycle/registry.go:259.31,262.3 2 2
github.com/editframe/telecine/scheduler/internal/lifecycle/registry.go:265.2,266.61 2 2
github.com/editframe/telecine/scheduler/internal/lifecycle/registry.go:266.61,268.17 2 2
github.com/editframe/telecine/scheduler/internal/lifecycle/registry.go:268.17,273.12 2 0
github.com/editframe/telecine/scheduler/internal/lifecycle/registry.go:277.3,278.40 2 2
github.com/editframe/telecine/scheduler/internal/lifecycle/registry.go:278.40,279.32 1 2
github.com/editframe/telecine/scheduler/internal/lifecycle/registry.go:279.32,281.5 1 2
github.com/editframe/telecine/scheduler/internal/lifecycle/registry.go:284.3,284.65 1 2
github.com/editframe/telecine/scheduler/internal/lifecycle/registry.go:284.65,290.67 2 2
github.com/editframe/telecine/scheduler/internal/lifecycle/registry.go:290.67,297.5 2 0
github.com/editframe/telecine/scheduler/internal/lifecycle/registry.go:298.9,298.38 1 0
github.com/editframe/telecine/scheduler/internal/lifecycle/registry.go:298.38,303.4 1 0
github.com/editframe/telecine/scheduler/internal/lifecycle/registry.go:306.2,306.18 1 2
github.com/editframe/telecine/scheduler/internal/lifecycle/registry.go:310.106,311.22 1 7
github.com/editframe/telecine/scheduler/internal/lifecycle/registry.go:311.22,313.3 1 0
github.com/editframe/telecine/scheduler/internal/lifecycle/registry.go:315.2,321.15 2 7
github.com/editframe/telecine/scheduler/internal/lifecycle/registry.go:322.20,323.35 1 3
github.com/editframe/telecine/scheduler/internal/lifecycle/registry.go:323.35,325.4 1 3
github.com/editframe/telecine/scheduler/internal/lifecycle/registry.go:326.22,327.38 1 3
github.com/editframe/telecine/scheduler/internal/lifecycle/registry.go:327.38,329.4 1 3
github.com/editframe/telecine/scheduler/internal/lifecycle/registry.go:330.19,331.37 1 1
github.com/editframe/telecine/scheduler/internal/lifecycle/registry.go:331.37,333.4 1 1
github.com/editframe/telecine/scheduler/internal/lifecycle/registry.go:334.10,335.53 1 0
github.com/editframe/telecine/scheduler/internal/lifecycle/registry.go:339.2,339.12 1 0
github.com/editframe/telecine/scheduler/internal/testutil/memory.go:19.39,29.2 5 0
github.com/editframe/telecine/scheduler/internal/testutil/memory.go:34.75,37.21 2 0
github.com/editframe/telecine/scheduler/internal/testutil/memory.go:37.21,39.3 1 0
github.com/editframe/telecine/scheduler/internal/testutil/memory.go:42.2,49.26 4 0
github.com/editframe/telecine/scheduler/internal/testutil/memory.go:49.26,51.3 1 0
github.com/editframe/telecine/scheduler/internal/testutil/memory.go:52.2,55.37 2 0
github.com/editframe/telecine/scheduler/internal/testutil/memory.go:55.37,57.3 1 0
github.com/editframe/telecine/scheduler/internal/testutil/memory.go:58.2,86.87 16 0
github.com/editframe/telecine/scheduler/internal/testutil/memory.go:92.79,104.2 5 0
github.com/editframe/telecine/scheduler/internal/testutil/memory.go:106.32,107.50 1 0
github.com/editframe/telecine/scheduler/internal/testutil/memory.go:107.50,109.17 2 0
github.com/editframe/telecine/scheduler/internal/testutil/memory.go:109.17,111.4 1 0
github.com/editframe/telecine/scheduler/internal/testutil/memory.go:112.3,112.27 1 0
github.com/editframe/telecine/scheduler/internal/testutil/memory.go:114.2,114.25 1 0
github.com/editframe/telecine/scheduler/internal/testutil/tracing.go:24.49,40.19 7 2
github.com/editframe/telecine/scheduler/internal/testutil/tracing.go:40.19,41.17 1 2
github.com/editframe/telecine/scheduler/internal/testutil/tracing.go:41.17,51.4 3 0
github.com/editframe/telecine/scheduler/internal/testutil/tracing.go:51.9,51.25 1 2
github.com/editframe/telecine/scheduler/internal/testutil/tracing.go:51.25,57.4 2 0
github.com/editframe/telecine/scheduler/internal/testutil/tracing.go:57.9,63.4 2 2
github.com/editframe/telecine/scheduler/internal/testutil/tracing.go:64.3,64.13 1 2
github.com/editframe/telecine/scheduler/internal/testutil/tracing.go:67.2,67.12 1 2
github.com/editframe/telecine/scheduler/internal/testutil/tracing.go:75.61,76.66 1 0
github.com/editframe/telecine/scheduler/internal/testutil/tracing.go:76.66,78.3 1 0
github.com/editframe/telecine/scheduler/internal/testutil/tracing.go:80.2,80.25 1 0
github.com/editframe/telecine/scheduler/internal/testutil/tracing.go:89.80,91.2 1 0
github.com/editframe/telecine/scheduler/internal/testutil/tracing.go:100.50,102.24 2 0
github.com/editframe/telecine/scheduler/internal/testutil/tracing.go:102.24,105.3 2 0
github.com/editframe/telecine/scheduler/internal/testutil/tracing.go:109.76,111.24 2 0
github.com/editframe/telecine/scheduler/internal/testutil/tracing.go:111.24,115.3 3 0
github.com/editframe/telecine/scheduler/internal/testutil/tracing.go:120.31,122.2 1 2
github.com/editframe/telecine/scheduler/internal/scheduler/scaling/decision.go:25.19,64.2 8 7
github.com/editframe/telecine/scheduler/internal/scheduler/scaling/decision.go:68.54,69.16 1 23
github.com/editframe/telecine/scheduler/internal/scheduler/scaling/decision.go:69.16,71.3 1 1
github.com/editframe/telecine/scheduler/internal/scheduler/scaling/decision.go:73.2,77.22 3 22
github.com/editframe/telecine/scheduler/internal/scheduler/scaling/decision.go:77.22,79.3 1 5
github.com/editframe/telecine/scheduler/internal/scheduler/scaling/decision.go:81.2,81.18 1 17
github.com/editframe/telecine/scheduler/internal/scheduler/scaling/decision.go:87.82,89.31 1 112
github.com/editframe/telecine/scheduler/internal/scheduler/scaling/decision.go:89.31,91.3 1 7
github.com/editframe/telecine/scheduler/internal/scheduler/scaling/decision.go:94.2,94.99 1 105
github.com/editframe/telecine/scheduler/internal/scheduler/scaling/decision.go:99.64,100.22 1 13
github.com/editframe/telecine/scheduler/internal/scheduler/scaling/decision.go:100.22,102.3 1 8
github.com/editframe/telecine/scheduler/internal/scheduler/scaling/decision.go:104.2,104.20 1 5
github.com/editframe/telecine/scheduler/internal/scheduler/scaling/decision.go:104.20,106.3 1 2
github.com/editframe/telecine/scheduler/internal/scheduler/scaling/decision.go:109.2,109.31 1 3
github.com/editframe/telecine/scheduler/internal/scheduler/scaling/decision.go:109.31,111.3 1 2
github.com/editframe/telecine/scheduler/internal/scheduler/scaling/decision.go:113.2,113.19 1 1
github.com/editframe/telecine/scheduler/internal/scheduler/scaling/decision.go:116.24,117.11 1 7
github.com/editframe/telecine/scheduler/internal/scheduler/scaling/decision.go:117.11,119.3 1 4
github.com/editframe/telecine/scheduler/internal/scheduler/scaling/decision.go:120.2,120.10 1 3
github.com/editframe/telecine/scheduler/internal/scheduler/scaling/types.go:34.40,35.11 1 0
github.com/editframe/telecine/scheduler/internal/scheduler/scaling/types.go:36.18,37.16 1 0
github.com/editframe/telecine/scheduler/internal/scheduler/scaling/types.go:38.21,39.20 1 0
github.com/editframe/telecine/scheduler/internal/scheduler/scaling/types.go:40.23,41.22 1 0
github.com/editframe/telecine/scheduler/internal/scheduler/scaling/types.go:42.26,43.25 1 0
github.com/editframe/telecine/scheduler/internal/scheduler/scaling/types.go:44.10,45.19 1 0
github.com/editframe/telecine/scheduler/internal/scheduler/coordination/rank.go:6.82,7.29 1 6
github.com/editframe/telecine/scheduler/internal/scheduler/coordination/rank.go:7.29,13.3 1 1
github.com/editframe/telecine/scheduler/internal/scheduler/coordination/rank.go:15.2,16.42 2 5
github.com/editframe/telecine/scheduler/internal/scheduler/coordination/rank.go:16.42,17.34 1 10
github.com/editframe/telecine/scheduler/internal/scheduler/coordination/rank.go:17.34,19.9 2 4
github.com/editframe/telecine/scheduler/internal/scheduler/coordination/rank.go:23.2,27.3 1 5
github.com/editframe/telecine/scheduler/internal/scheduler/coordination/rank.go:33.112,37.42 3 8
github.com/editframe/telecine/scheduler/internal/scheduler/coordination/rank.go:37.42,38.59 1 23
github.com/editframe/telecine/scheduler/internal/scheduler/coordination/rank.go:38.59,40.4 1 13
github.com/editframe/telecine/scheduler/internal/scheduler/coordination/rank.go:43.2,43.15 1 8
github.com/editframe/telecine/scheduler/internal/scheduler/coordination/rank.go:48.90,50.2 1 5
github.com/editframe/telecine/scheduler/internal/scheduler/coordination/rank.go:56.71,57.48 1 16
github.com/editframe/telecine/scheduler/internal/scheduler/coordination/rank.go:57.48,59.3 1 2
github.com/editframe/telecine/scheduler/internal/scheduler/coordination/rank.go:61.2,64.22 3 14
github.com/editframe/telecine/scheduler/internal/scheduler/coordination/rank.go:64.22,66.3 1 4
github.com/editframe/telecine/scheduler/internal/scheduler/coordination/rank.go:67.2,67.18 1 10
github.com/editframe/telecine/scheduler/internal/scheduler/coordination/rank.go:73.69,78.35 3 6
github.com/editframe/telecine/scheduler/internal/scheduler/coordination/rank.go:78.35,81.39 3 9
github.com/editframe/telecine/scheduler/internal/scheduler/coordination/rank.go:81.39,84.4 2 7
github.com/editframe/telecine/scheduler/internal/scheduler/coordination/rank.go:85.3,85.20 1 9
github.com/editframe/telecine/scheduler/internal/scheduler/coordination/rank.go:88.2,88.15 1 6
github.com/editframe/telecine/scheduler/pkg/superjson/superjson.go:19.42,21.50 2 6
github.com/editframe/telecine/scheduler/pkg/superjson/superjson.go:21.50,23.3 1 2
github.com/editframe/telecine/scheduler/pkg/superjson/superjson.go:25.2,26.16 2 4
github.com/editframe/telecine/scheduler/pkg/superjson/superjson.go:26.16,28.3 1 0
github.com/editframe/telecine/scheduler/pkg/superjson/superjson.go:30.2,30.53 1 4
github.com/editframe/telecine/scheduler/pkg/superjson/superjson.go:30.53,32.3 1 1
github.com/editframe/telecine/scheduler/pkg/superjson/superjson.go:34.2,34.45 1 3
github.com/editframe/telecine/scheduler/pkg/superjson/superjson.go:34.45,35.58 1 1
github.com/editframe/telecine/scheduler/pkg/superjson/superjson.go:35.58,37.4 1 0
github.com/editframe/telecine/scheduler/pkg/superjson/superjson.go:40.2,40.12 1 3
github.com/editframe/telecine/scheduler/pkg/superjson/superjson.go:43.37,45.16 2 3
github.com/editframe/telecine/scheduler/pkg/superjson/superjson.go:45.16,47.3 1 0
github.com/editframe/telecine/scheduler/pkg/superjson/superjson.go:49.2,50.65 2 3
github.com/editframe/telecine/scheduler/pkg/superjson/superjson.go:50.65,52.3 1 0
github.com/editframe/telecine/scheduler/pkg/superjson/superjson.go:54.2,58.25 2 3
github.com/editframe/telecine/scheduler/pkg/superjson/superjson.go:61.58,62.41 1 5
github.com/editframe/telecine/scheduler/pkg/superjson/superjson.go:62.41,63.28 1 4
github.com/editframe/telecine/scheduler/pkg/superjson/superjson.go:63.28,64.12 1 1
github.com/editframe/telecine/scheduler/pkg/superjson/superjson.go:67.3,68.10 2 3
github.com/editframe/telecine/scheduler/pkg/superjson/superjson.go:68.10,69.12 1 1
github.com/editframe/telecine/scheduler/pkg/superjson/superjson.go:72.3,72.19 1 2
github.com/editframe/telecine/scheduler/pkg/superjson/superjson.go:73.15,74.51 1 2
github.com/editframe/telecine/scheduler/pkg/superjson/superjson.go:74.51,76.19 2 2
github.com/editframe/telecine/scheduler/pkg/superjson/superjson.go:76.19,78.20 2 0
github.com/editframe/telecine/scheduler/pkg/superjson/superjson.go:78.20,79.15 1 0
github.com/editframe/telecine/scheduler/pkg/superjson/superjson.go:82.5,82.55 1 2
github.com/editframe/telecine/scheduler/pkg/superjson/superjson.go:82.55,84.6 1 0
github.com/editframe/telecine/scheduler/pkg/superjson/superjson.go:86.14,87.67 1 0
github.com/editframe/telecine/scheduler/pkg/superjson/superjson.go:87.67,89.5 1 0
github.com/editframe/telecine/scheduler/pkg/superjson/superjson.go:90.14,91.67 1 0
github.com/editframe/telecine/scheduler/pkg/superjson/superjson.go:91.67,93.5 1 0
github.com/editframe/telecine/scheduler/pkg/superjson/superjson.go:96.2,96.12 1 5
github.com/editframe/telecine/scheduler/pkg/superjson/superjson.go:99.51,101.2 1 3
github.com/editframe/telecine/scheduler/pkg/superjson/superjson.go:103.39,105.16 2 1
github.com/editframe/telecine/scheduler/pkg/superjson/superjson.go:105.16,107.3 1 0
github.com/editframe/telecine/scheduler/pkg/superjson/superjson.go:108.2,108.27 1 1
github.com/editframe/telecine/scheduler/pkg/superjson/superjson.go:111.38,113.2 1 2
github.com/editframe/telecine/scheduler/internal/testutil/memory.go:19.39,29.2 5 0
github.com/editframe/telecine/scheduler/internal/testutil/memory.go:34.75,37.21 2 0
github.com/editframe/telecine/scheduler/internal/testutil/memory.go:37.21,39.3 1 0
github.com/editframe/telecine/scheduler/internal/testutil/memory.go:42.2,49.26 4 0
github.com/editframe/telecine/scheduler/internal/testutil/memory.go:49.26,51.3 1 0
github.com/editframe/telecine/scheduler/internal/testutil/memory.go:52.2,55.37 2 0
github.com/editframe/telecine/scheduler/internal/testutil/memory.go:55.37,57.3 1 0
github.com/editframe/telecine/scheduler/internal/testutil/memory.go:58.2,86.87 16 0
github.com/editframe/telecine/scheduler/internal/testutil/memory.go:92.79,104.2 5 0
github.com/editframe/telecine/scheduler/internal/testutil/memory.go:106.32,107.50 1 0
github.com/editframe/telecine/scheduler/internal/testutil/memory.go:107.50,109.17 2 0
github.com/editframe/telecine/scheduler/internal/testutil/memory.go:109.17,111.4 1 0
github.com/editframe/telecine/scheduler/internal/testutil/memory.go:112.3,112.27 1 0
github.com/editframe/telecine/scheduler/internal/testutil/memory.go:114.2,114.25 1 0
github.com/editframe/telecine/scheduler/internal/testutil/tracing.go:24.49,40.19 7 0
github.com/editframe/telecine/scheduler/internal/testutil/tracing.go:40.19,41.17 1 0
github.com/editframe/telecine/scheduler/internal/testutil/tracing.go:41.17,51.4 3 0
github.com/editframe/telecine/scheduler/internal/testutil/tracing.go:51.9,51.25 1 0
github.com/editframe/telecine/scheduler/internal/testutil/tracing.go:51.25,57.4 2 0
github.com/editframe/telecine/scheduler/internal/testutil/tracing.go:57.9,63.4 2 0
github.com/editframe/telecine/scheduler/internal/testutil/tracing.go:64.3,64.13 1 0
github.com/editframe/telecine/scheduler/internal/testutil/tracing.go:67.2,67.12 1 0
github.com/editframe/telecine/scheduler/internal/testutil/tracing.go:75.61,76.66 1 0
github.com/editframe/telecine/scheduler/internal/testutil/tracing.go:76.66,78.3 1 0
github.com/editframe/telecine/scheduler/internal/testutil/tracing.go:80.2,80.25 1 0
github.com/editframe/telecine/scheduler/internal/testutil/tracing.go:89.80,91.2 1 0
github.com/editframe/telecine/scheduler/internal/testutil/tracing.go:100.50,102.24 2 0
github.com/editframe/telecine/scheduler/internal/testutil/tracing.go:102.24,105.3 2 0
github.com/editframe/telecine/scheduler/internal/testutil/tracing.go:109.76,111.24 2 0
github.com/editframe/telecine/scheduler/internal/testutil/tracing.go:111.24,115.3 3 0
github.com/editframe/telecine/scheduler/internal/testutil/tracing.go:120.31,122.2 1 0
github.com/editframe/telecine/scheduler/internal/scheduler/adapters/coordinator_adapter.go:15.92,19.2 1 0
github.com/editframe/telecine/scheduler/internal/scheduler/adapters/coordinator_adapter.go:22.77,24.2 1 0
github.com/editframe/telecine/scheduler/internal/scheduler/adapters/coordinator_adapter.go:27.42,29.2 1 0
github.com/editframe/telecine/scheduler/internal/scheduler/adapters/coordinator_adapter.go:32.58,36.2 0 0
github.com/editframe/telecine/scheduler/internal/scheduler/adapters/coordinator_adapter.go:39.62,44.2 1 0
github.com/editframe/telecine/scheduler/internal/scheduler/adapters/redis_state_store.go:19.64,23.2 1 0
github.com/editframe/telecine/scheduler/internal/scheduler/adapters/redis_state_store.go:26.103,30.2 1 0
github.com/editframe/telecine/scheduler/internal/scheduler/adapters/redis_state_store.go:33.116,37.16 3 0
github.com/editframe/telecine/scheduler/internal/scheduler/adapters/redis_state_store.go:37.16,38.34 1 0
github.com/editframe/telecine/scheduler/internal/scheduler/adapters/redis_state_store.go:38.34,44.4 1 0
github.com/editframe/telecine/scheduler/internal/scheduler/adapters/redis_state_store.go:45.3,45.88 1 0
github.com/editframe/telecine/scheduler/internal/scheduler/adapters/redis_state_store.go:48.2,53.63 2 0
github.com/editframe/telecine/scheduler/internal/scheduler/adapters/redis_state_store.go:53.63,55.3 1 0
github.com/editframe/telecine/scheduler/internal/scheduler/adapters/redis_state_store.go:57.2,60.8 1 0
github.com/editframe/telecine/scheduler/internal/scheduler/adapters/redis_state_store.go:64.123,76.16 4 0
github.com/editframe/telecine/scheduler/internal/scheduler/adapters/redis_state_store.go:76.16,78.3 1 0
github.com/editframe/telecine/scheduler/internal/scheduler/adapters/redis_state_store.go:80.2,80.66 1 0
github.com/editframe/telecine/scheduler/internal/scheduler/adapters/redis_state_store.go:80.66,82.3 1 0
github.com/editframe/telecine/scheduler/internal/scheduler/adapters/redis_state_store.go:84.2,84.12 1 0
github.com/editframe/telecine/scheduler/internal/scheduler/adapters/redis_state_store.go:88.93,91.53 2 0
github.com/editframe/telecine/scheduler/internal/scheduler/adapters/redis_state_store.go:91.53,93.3 1 0
github.com/editframe/telecine/scheduler/internal/scheduler/adapters/redis_state_store.go:95.2,95.12 1 0
github.com/editframe/telecine/scheduler/internal/scheduler/adapters/statemachine_adapter.go:17.79,21.2 1 0
github.com/editframe/telecine/scheduler/internal/scheduler/adapters/statemachine_adapter.go:24.89,32.2 3 0
github.com/editframe/telecine/scheduler/internal/scheduler/adapters/statemachine_adapter.go:35.90,38.2 2 0
github.com/editframe/telecine/scheduler/internal/scheduler/adapters/statemachine_adapter.go:41.87,43.2 1 0
github.com/editframe/telecine/scheduler/internal/scheduler/adapters/statemachine_adapter.go:46.42,48.2 1 0
github.com/editframe/telecine/scheduler/pkg/logging/logger.go:20.75,21.27 1 0
github.com/editframe/telecine/scheduler/pkg/logging/logger.go:21.27,23.3 1 0
github.com/editframe/telecine/scheduler/pkg/logging/logger.go:25.2,26.25 2 0
github.com/editframe/telecine/scheduler/pkg/logging/logger.go:26.25,28.3 1 0
github.com/editframe/telecine/scheduler/pkg/logging/logger.go:30.2,31.26 2 0
github.com/editframe/telecine/scheduler/pkg/logging/logger.go:31.26,33.3 1 0
github.com/editframe/telecine/scheduler/pkg/logging/logger.go:34.2,34.25 1 0
github.com/editframe/telecine/scheduler/pkg/logging/logger.go:34.25,36.3 1 0
github.com/editframe/telecine/scheduler/pkg/logging/logger.go:41.38,43.2 1 0
github.com/editframe/telecine/scheduler/pkg/logging/logger.go:45.31,49.51 2 2
github.com/editframe/telecine/scheduler/pkg/logging/logger.go:49.51,52.3 1 0
github.com/editframe/telecine/scheduler/pkg/logging/logger.go:54.2,68.27 4 2
github.com/editframe/telecine/scheduler/pkg/logging/logger.go:68.27,70.3 1 2
github.com/editframe/telecine/scheduler/pkg/logging/logger.go:72.2,80.24 2 2
github.com/editframe/telecine/scheduler/pkg/logging/logger.go:83.34,86.15 2 12
github.com/editframe/telecine/scheduler/pkg/logging/logger.go:87.15,88.28 1 1
github.com/editframe/telecine/scheduler/pkg/logging/logger.go:89.15,90.28 1 2
github.com/editframe/telecine/scheduler/pkg/logging/logger.go:91.14,92.27 1 1
github.com/editframe/telecine/scheduler/pkg/logging/logger.go:93.25,94.27 1 2
github.com/editframe/telecine/scheduler/pkg/logging/logger.go:95.15,96.28 1 1
github.com/editframe/telecine/scheduler/pkg/logging/logger.go:97.15,98.28 1 1
github.com/editframe/telecine/scheduler/pkg/logging/logger.go:99.10,100.27 1 4
github.com/editframe/telecine/scheduler/pkg/logging/logger.go:104.31,105.25 1 13
github.com/editframe/telecine/scheduler/pkg/logging/logger.go:105.25,107.3 1 2
github.com/editframe/telecine/scheduler/pkg/logging/logger.go:108.2,108.21 1 13
github.com/editframe/telecine/scheduler/pkg/logging/logger.go:111.29,113.2 1 2
github.com/editframe/telecine/scheduler/pkg/logging/logger.go:115.29,117.2 1 1
github.com/editframe/telecine/scheduler/pkg/logging/logger.go:119.28,121.2 1 1
github.com/editframe/telecine/scheduler/pkg/logging/logger.go:123.28,125.2 1 1
github.com/editframe/telecine/scheduler/pkg/logging/logger.go:127.29,129.2 1 1
github.com/editframe/telecine/scheduler/pkg/logging/logger.go:131.29,133.2 1 0
github.com/editframe/telecine/scheduler/pkg/logging/logger.go:135.65,138.2 2 2
github.com/editframe/telecine/scheduler/pkg/logging/logger.go:140.54,143.2 2 2
github.com/editframe/telecine/scheduler/pkg/logging/otel.go:19.62,21.20 2 2
github.com/editframe/telecine/scheduler/pkg/logging/otel.go:21.20,23.3 1 0
github.com/editframe/telecine/scheduler/pkg/logging/otel.go:26.2,26.76 1 2
github.com/editframe/telecine/scheduler/pkg/logging/otel.go:26.76,28.3 1 2
github.com/editframe/telecine/scheduler/pkg/logging/otel.go:31.2,37.16 3 2
github.com/editframe/telecine/scheduler/pkg/logging/otel.go:37.16,39.3 1 0
github.com/editframe/telecine/scheduler/pkg/logging/otel.go:41.2,46.16 2 2
github.com/editframe/telecine/scheduler/pkg/logging/otel.go:46.16,48.3 1 0
github.com/editframe/telecine/scheduler/pkg/logging/otel.go:51.2,60.12 5 2
github.com/editframe/telecine/scheduler/pkg/logging/otel.go:64.46,65.27 1 0
github.com/editframe/telecine/scheduler/pkg/logging/otel.go:65.27,67.3 1 0
github.com/editframe/telecine/scheduler/pkg/logging/otel.go:68.2,68.12 1 0
github.com/editframe/telecine/scheduler/pkg/logging/otel.go:71.44,75.2 3 2
github.com/editframe/telecine/scheduler/pkg/logging/otel.go:78.38,79.27 1 0
github.com/editframe/telecine/scheduler/pkg/logging/otel.go:79.27,81.3 1 0
github.com/editframe/telecine/scheduler/pkg/logging/otel.go:83.2,84.62 1 0
github.com/editframe/telecine/scheduler/pkg/logging/otel_writer.go:22.50,27.2 1 2
github.com/editframe/telecine/scheduler/pkg/logging/otel_writer.go:29.57,32.16 2 0
github.com/editframe/telecine/scheduler/pkg/logging/otel_writer.go:32.16,34.3 1 0
github.com/editframe/telecine/scheduler/pkg/logging/otel_writer.go:37.2,38.53 2 0
github.com/editframe/telecine/scheduler/pkg/logging/otel_writer.go:38.53,41.3 1 0
github.com/editframe/telecine/scheduler/pkg/logging/otel_writer.go:44.2,52.19 7 0
github.com/editframe/telecine/scheduler/pkg/logging/otel_writer.go:52.19,54.3 1 0
github.com/editframe/telecine/scheduler/pkg/logging/otel_writer.go:55.2,55.24 1 0
github.com/editframe/telecine/scheduler/pkg/logging/otel_writer.go:55.24,57.3 1 0
github.com/editframe/telecine/scheduler/pkg/logging/otel_writer.go:60.2,61.18 2 0
github.com/editframe/telecine/scheduler/pkg/logging/otel_writer.go:62.15,63.31 1 0
github.com/editframe/telecine/scheduler/pkg/logging/otel_writer.go:64.15,65.31 1 0
github.com/editframe/telecine/scheduler/pkg/logging/otel_writer.go:66.14,67.30 1 0
github.com/editframe/telecine/scheduler/pkg/logging/otel_writer.go:68.25,69.30 1 0
github.com/editframe/telecine/scheduler/pkg/logging/otel_writer.go:70.15,71.31 1 0
github.com/editframe/telecine/scheduler/pkg/logging/otel_writer.go:72.15,73.31 1 0
github.com/editframe/telecine/scheduler/pkg/logging/otel_writer.go:74.15,75.32 1 0
github.com/editframe/telecine/scheduler/pkg/logging/otel_writer.go:79.2,86.35 6 0
github.com/editframe/telecine/scheduler/pkg/logging/otel_writer.go:86.35,87.58 1 0
github.com/editframe/telecine/scheduler/pkg/logging/otel_writer.go:87.58,88.12 1 0
github.com/editframe/telecine/scheduler/pkg/logging/otel_writer.go:91.3,91.28 1 0
github.com/editframe/telecine/scheduler/pkg/logging/otel_writer.go:92.15,93.44 1 0
github.com/editframe/telecine/scheduler/pkg/logging/otel_writer.go:94.16,95.45 1 0
github.com/editframe/telecine/scheduler/pkg/logging/otel_writer.go:96.13,97.42 1 0
github.com/editframe/telecine/scheduler/pkg/logging/otel_writer.go:98.12,99.41 1 0
github.com/editframe/telecine/scheduler/pkg/logging/otel_writer.go:100.14,101.43 1 0
github.com/editframe/telecine/scheduler/pkg/logging/otel_writer.go:102.11,104.37 1 0
github.com/editframe/telecine/scheduler/pkg/logging/otel_writer.go:104.37,106.5 1 0
github.com/editframe/telecine/scheduler/pkg/logging/otel_writer.go:111.2,112.41 2 0
github.com/editframe/telecine/scheduler/pkg/logging/otel_writer.go:112.41,116.55 3 0
github.com/editframe/telecine/scheduler/pkg/logging/otel_writer.go:116.55,128.4 6 0
github.com/editframe/telecine/scheduler/pkg/logging/otel_writer.go:132.2,134.15 2 0
github.com/editframe/telecine/scheduler/pkg/tracing/hook.go:16.41,18.2 1 0
github.com/editframe/telecine/scheduler/pkg/tracing/hook.go:21.71,22.18 1 0
github.com/editframe/telecine/scheduler/pkg/tracing/hook.go:22.18,24.3 1 0
github.com/editframe/telecine/scheduler/pkg/tracing/hook.go:26.2,27.25 2 0
github.com/editframe/telecine/scheduler/pkg/tracing/hook.go:27.25,29.3 1 0
github.com/editframe/telecine/scheduler/pkg/tracing/hook.go:31.2,32.26 2 0
github.com/editframe/telecine/scheduler/pkg/tracing/hook.go:32.26,34.3 1 0
github.com/editframe/telecine/scheduler/pkg/tracing/hook.go:35.2,35.25 1 0
github.com/editframe/telecine/scheduler/pkg/tracing/hook.go:35.25,37.3 1 0
github.com/editframe/telecine/scheduler/pkg/tracing/hook.go:47.69,49.2 1 0
github.com/editframe/telecine/scheduler/pkg/tracing/hook.go:52.78,53.25 1 0
github.com/editframe/telecine/scheduler/pkg/tracing/hook.go:53.25,55.3 1 0
github.com/editframe/telecine/scheduler/pkg/tracing/hook.go:57.2,58.16 2 0
github.com/editframe/telecine/scheduler/pkg/tracing/hook.go:58.16,60.3 1 0
github.com/editframe/telecine/scheduler/pkg/tracing/hook.go:62.2,63.25 2 0
github.com/editframe/telecine/scheduler/pkg/tracing/hook.go:63.25,65.3 1 0
github.com/editframe/telecine/scheduler/pkg/tracing/hook.go:67.2,68.26 2 0
github.com/editframe/telecine/scheduler/pkg/tracing/hook.go:68.26,70.3 1 0
github.com/editframe/telecine/scheduler/pkg/tracing/hook.go:71.2,71.25 1 0
github.com/editframe/telecine/scheduler/pkg/tracing/hook.go:71.25,73.3 1 0
github.com/editframe/telecine/scheduler/pkg/tracing/logger.go:15.82,17.25 2 0
github.com/editframe/telecine/scheduler/pkg/tracing/logger.go:17.25,19.3 1 0
github.com/editframe/telecine/scheduler/pkg/tracing/logger.go:21.2,25.11 2 0
github.com/editframe/telecine/scheduler/pkg/tracing/logger.go:30.69,32.25 2 0
github.com/editframe/telecine/scheduler/pkg/tracing/logger.go:32.25,34.3 1 0
github.com/editframe/telecine/scheduler/pkg/tracing/logger.go:36.2,37.27 2 0
github.com/editframe/telecine/scheduler/pkg/tracing/logger.go:37.27,39.3 1 0
github.com/editframe/telecine/scheduler/pkg/tracing/logger.go:41.2,44.11 1 0
github.com/editframe/telecine/scheduler/pkg/tracing/tracing.go:19.44,23.2 3 8
github.com/editframe/telecine/scheduler/pkg/tracing/tracing.go:25.58,27.76 1 6
github.com/editframe/telecine/scheduler/pkg/tracing/tracing.go:27.76,29.3 1 6
github.com/editframe/telecine/scheduler/pkg/tracing/tracing.go:31.2,33.66 2 6
github.com/editframe/telecine/scheduler/pkg/tracing/tracing.go:33.66,37.3 2 3
github.com/editframe/telecine/scheduler/pkg/tracing/tracing.go:39.2,42.20 3 3
github.com/editframe/telecine/scheduler/pkg/tracing/tracing.go:42.20,49.3 2 2
github.com/editframe/telecine/scheduler/pkg/tracing/tracing.go:49.8,51.3 1 1
github.com/editframe/telecine/scheduler/pkg/tracing/tracing.go:53.2,53.16 1 3
github.com/editframe/telecine/scheduler/pkg/tracing/tracing.go:53.16,55.3 1 0
github.com/editframe/telecine/scheduler/pkg/tracing/tracing.go:57.2,62.16 2 3
github.com/editframe/telecine/scheduler/pkg/tracing/tracing.go:62.16,64.3 1 0
github.com/editframe/telecine/scheduler/pkg/tracing/tracing.go:66.2,76.12 5 3
github.com/editframe/telecine/scheduler/pkg/tracing/tracing.go:79.42,80.27 1 0
github.com/editframe/telecine/scheduler/pkg/tracing/tracing.go:80.27,82.3 1 0
github.com/editframe/telecine/scheduler/pkg/tracing/tracing.go:83.2,83.12 1 0
github.com/editframe/telecine/scheduler/pkg/tracing/tracing.go:86.28,87.19 1 7
github.com/editframe/telecine/scheduler/pkg/tracing/tracing.go:87.19,89.3 1 2
github.com/editframe/telecine/scheduler/pkg/tracing/tracing.go:90.2,90.15 1 5
github.com/editframe/telecine/scheduler/pkg/tracing/tracing.go:93.80,95.2 1 4
github.com/editframe/telecine/scheduler/internal/scheduler/coordinator.go:47.89,49.16 2 0
github.com/editframe/telecine/scheduler/internal/scheduler/coordinator.go:49.16,51.3 1 0
github.com/editframe/telecine/scheduler/internal/scheduler/coordinator.go:53.2,66.8 3 0
github.com/editframe/telecine/scheduler/internal/scheduler/coordinator.go:69.35,71.2 1 0
github.com/editframe/telecine/scheduler/internal/scheduler/coordinator.go:73.50,77.15 3 0
github.com/editframe/telecine/scheduler/internal/scheduler/coordinator.go:77.15,80.3 2 0
github.com/editframe/telecine/scheduler/internal/scheduler/coordinator.go:82.2,85.24 4 0
github.com/editframe/telecine/scheduler/internal/scheduler/coordinator.go:88.57,91.6 2 0
github.com/editframe/telecine/scheduler/internal/scheduler/coordinator.go:91.6,92.10 1 0
github.com/editframe/telecine/scheduler/internal/scheduler/coordinator.go:93.21,94.10 1 0
github.com/editframe/telecine/scheduler/internal/scheduler/coordinator.go:95.19,96.10 1 0
github.com/editframe/telecine/scheduler/internal/scheduler/coordinator.go:97.61,98.48 1 0
github.com/editframe/telecine/scheduler/internal/scheduler/coordinator.go:98.48,100.5 1 0
github.com/editframe/telecine/scheduler/internal/scheduler/coordinator.go:105.55,107.16 2 0
github.com/editframe/telecine/scheduler/internal/scheduler/coordinator.go:107.16,110.3 2 0
github.com/editframe/telecine/scheduler/internal/scheduler/coordinator.go:111.2,115.30 4 0
github.com/editframe/telecine/scheduler/internal/scheduler/coordinator.go:118.65,123.16 4 0
github.com/editframe/telecine/scheduler/internal/scheduler/coordinator.go:123.16,125.3 1 0
github.com/editframe/telecine/scheduler/internal/scheduler/coordinator.go:127.2,135.12 5 0
github.com/editframe/telecine/scheduler/internal/scheduler/coordinator.go:138.65,140.16 2 0
github.com/editframe/telecine/scheduler/internal/scheduler/coordinator.go:140.16,142.3 1 0
github.com/editframe/telecine/scheduler/internal/scheduler/coordinator.go:144.2,144.59 1 0
github.com/editframe/telecine/scheduler/internal/scheduler/coordinator.go:147.70,158.16 4 0
github.com/editframe/telecine/scheduler/internal/scheduler/coordinator.go:158.16,160.3 1 0
github.com/editframe/telecine/scheduler/internal/scheduler/coordinator.go:163.2,164.39 2 0
github.com/editframe/telecine/scheduler/internal/scheduler/coordinator.go:164.39,173.3 2 0
github.com/editframe/telecine/scheduler/internal/scheduler/coordinator.go:176.2,177.16 2 0
github.com/editframe/telecine/scheduler/internal/scheduler/coordinator.go:177.16,179.3 1 0
github.com/editframe/telecine/scheduler/internal/scheduler/coordinator.go:181.2,183.19 2 0
github.com/editframe/telecine/scheduler/internal/scheduler/coordinator.go:183.19,189.23 2 0
github.com/editframe/telecine/scheduler/internal/scheduler/coordinator.go:189.23,193.4 1 0
github.com/editframe/telecine/scheduler/internal/scheduler/coordinator.go:196.2,196.39 1 0
github.com/editframe/telecine/scheduler/internal/scheduler/coordinator.go:199.67,202.2 1 0
github.com/editframe/telecine/scheduler/internal/scheduler/coordinator.go:204.62,211.2 2 0
github.com/editframe/telecine/scheduler/internal/scheduler/coordinator.go:214.35,216.44 2 0
github.com/editframe/telecine/scheduler/internal/scheduler/coordinator.go:216.44,218.3 1 0
github.com/editframe/telecine/scheduler/internal/scheduler/coordinator.go:219.2,219.44 1 0
github.com/editframe/telecine/scheduler/internal/scheduler/reconciler.go:77.15,89.2 1 5
github.com/editframe/telecine/scheduler/internal/scheduler/reconciler.go:91.49,95.15 3 0
github.com/editframe/telecine/scheduler/internal/scheduler/reconciler.go:95.15,97.3 1 0
github.com/editframe/telecine/scheduler/internal/scheduler/reconciler.go:99.2,103.34 4 0
github.com/editframe/telecine/scheduler/internal/scheduler/reconciler.go:106.66,109.6 2 0
github.com/editframe/telecine/scheduler/internal/scheduler/reconciler.go:109.6,110.10 1 0
github.com/editframe/telecine/scheduler/internal/scheduler/reconciler.go:111.21,112.10 1 0
github.com/editframe/telecine/scheduler/internal/scheduler/reconciler.go:113.19,114.10 1 0
github.com/editframe/telecine/scheduler/internal/scheduler/reconciler.go:115.65,116.43 1 0
github.com/editframe/telecine/scheduler/internal/scheduler/reconciler.go:116.43,118.5 1 0
github.com/editframe/telecine/scheduler/internal/scheduler/reconciler.go:123.29,128.17 4 0
github.com/editframe/telecine/scheduler/internal/scheduler/reconciler.go:128.17,130.3 1 0
github.com/editframe/telecine/scheduler/internal/scheduler/reconciler.go:132.2,133.13 2 0
github.com/editframe/telecine/scheduler/internal/scheduler/reconciler.go:137.63,140.2 2 2
github.com/editframe/telecine/scheduler/internal/scheduler/reconciler.go:142.83,147.9 4 5
github.com/editframe/telecine/scheduler/internal/scheduler/reconciler.go:147.9,152.3 2 5
github.com/editframe/telecine/scheduler/internal/scheduler/reconciler.go:153.2,153.14 1 5
github.com/editframe/telecine/scheduler/internal/scheduler/reconciler.go:156.113,166.31 7 234
github.com/editframe/telecine/scheduler/internal/scheduler/reconciler.go:166.31,172.3 2 6
github.com/editframe/telecine/scheduler/internal/scheduler/reconciler.go:172.8,172.54 1 228
github.com/editframe/telecine/scheduler/internal/scheduler/reconciler.go:172.54,179.3 2 4
github.com/editframe/telecine/scheduler/internal/scheduler/reconciler.go:179.8,188.3 2 224
github.com/editframe/telecine/scheduler/internal/scheduler/reconciler.go:192.2,193.54 2 234
github.com/editframe/telecine/scheduler/internal/scheduler/reconciler.go:193.54,198.3 2 2
github.com/editframe/telecine/scheduler/internal/scheduler/reconciler.go:198.8,200.3 1 232
github.com/editframe/telecine/scheduler/internal/scheduler/reconciler.go:202.2,206.15 2 234
github.com/editframe/telecine/scheduler/internal/scheduler/reconciler.go:209.59,220.16 6 0
github.com/editframe/telecine/scheduler/internal/scheduler/reconciler.go:220.16,224.3 3 0
github.com/editframe/telecine/scheduler/internal/scheduler/reconciler.go:226.2,226.16 1 0
github.com/editframe/telecine/scheduler/internal/scheduler/reconciler.go:226.16,232.3 2 0
github.com/editframe/telecine/scheduler/internal/scheduler/reconciler.go:234.2,235.16 2 0
github.com/editframe/telecine/scheduler/internal/scheduler/reconciler.go:235.16,239.3 3 0
github.com/editframe/telecine/scheduler/internal/scheduler/reconciler.go:241.2,241.29 1 0
github.com/editframe/telecine/scheduler/internal/scheduler/reconciler.go:241.29,246.10 4 0
github.com/editframe/telecine/scheduler/internal/scheduler/reconciler.go:246.10,254.4 1 0
github.com/editframe/telecine/scheduler/internal/scheduler/reconciler.go:256.3,298.83 16 0
github.com/editframe/telecine/scheduler/internal/scheduler/reconciler.go:298.83,300.4 1 0
github.com/editframe/telecine/scheduler/internal/scheduler/reconciler.go:302.3,317.43 4 0
github.com/editframe/telecine/scheduler/internal/scheduler/reconciler.go:317.43,320.19 3 0
github.com/editframe/telecine/scheduler/internal/scheduler/reconciler.go:320.19,323.5 1 0
github.com/editframe/telecine/scheduler/internal/scheduler/reconciler.go:325.4,337.148 1 0
github.com/editframe/telecine/scheduler/internal/scheduler/reconciler.go:341.3,341.26 1 0
github.com/editframe/telecine/scheduler/internal/scheduler/reconciler.go:342.30,346.61 3 0
github.com/editframe/telecine/scheduler/internal/scheduler/reconciler.go:346.61,348.5 1 0
github.com/editframe/telecine/scheduler/internal/scheduler/reconciler.go:350.4,358.18 4 0
github.com/editframe/telecine/scheduler/internal/scheduler/reconciler.go:358.18,360.5 1 0
github.com/editframe/telecine/scheduler/internal/scheduler/reconciler.go:362.4,369.32 2 0
github.com/editframe/telecine/scheduler/internal/scheduler/reconciler.go:369.32,370.75 1 0
github.com/editframe/telecine/scheduler/internal/scheduler/reconciler.go:370.75,378.6 2 0
github.com/editframe/telecine/scheduler/internal/scheduler/reconciler.go:380.4,380.19 1 0
github.com/editframe/telecine/scheduler/internal/scheduler/reconciler.go:382.32,403.34 6 0
github.com/editframe/telecine/scheduler/internal/scheduler/reconciler.go:403.34,404.69 1 0
github.com/editframe/telecine/scheduler/internal/scheduler/reconciler.go:404.69,410.11 3 0
github.com/editframe/telecine/scheduler/internal/scheduler/reconciler.go:413.4,413.19 1 0
github.com/editframe/telecine/scheduler/internal/scheduler/reconciler.go:415.35,419.95 4 0
github.com/editframe/telecine/scheduler/internal/scheduler/reconciler.go:422.3,422.18 1 0
github.com/editframe/telecine/scheduler/internal/scheduler/reconciler.go:425.2,425.12 1 0
github.com/editframe/telecine/scheduler/internal/scheduler/reconciler.go:428.88,432.29 2 0
github.com/editframe/telecine/scheduler/internal/scheduler/reconciler.go:432.29,434.17 2 0
github.com/editframe/telecine/scheduler/internal/scheduler/reconciler.go:434.17,444.12 3 0
github.com/editframe/telecine/scheduler/internal/scheduler/reconciler.go:447.3,448.72 2 0
github.com/editframe/telecine/scheduler/internal/scheduler/reconciler.go:448.72,458.12 3 0
github.com/editframe/telecine/scheduler/internal/scheduler/reconciler.go:461.3,461.29 1 0
github.com/editframe/telecine/scheduler/internal/scheduler/reconciler.go:464.2,464.19 1 0
github.com/editframe/telecine/scheduler/internal/scheduler/reconciler.go:467.58,472.47 4 0
github.com/editframe/telecine/scheduler/internal/scheduler/reconciler.go:472.47,481.3 1 0
github.com/editframe/telecine/scheduler/internal/scheduler/reconciler.go:482.2,482.13 1 0
github.com/editframe/telecine/scheduler/internal/scheduler/reconciler.go:491.67,493.29 2 0
github.com/editframe/telecine/scheduler/internal/scheduler/reconciler.go:493.29,499.3 1 0
github.com/editframe/telecine/scheduler/internal/scheduler/reconciler.go:500.2,500.15 1 0
github.com/editframe/telecine/scheduler/internal/scheduler/reconciler.go:503.117,513.16 3 0
github.com/editframe/telecine/scheduler/internal/scheduler/reconciler.go:513.16,515.3 1 0
github.com/editframe/telecine/scheduler/internal/scheduler/reconciler.go:517.2,520.87 2 0
github.com/editframe/telecine/scheduler/internal/scheduler/reconciler.go:520.87,522.3 1 0
github.com/editframe/telecine/scheduler/internal/scheduler/reconciler.go:524.2,524.12 1 0
github.com/editframe/telecine/scheduler/internal/scheduler/server.go:21.58,26.2 1 0
github.com/editframe/telecine/scheduler/internal/scheduler/server.go:28.56,30.2 1 0
github.com/editframe/telecine/scheduler/internal/scheduler/server.go:32.51,35.74 2 0
github.com/editframe/telecine/scheduler/internal/scheduler/server.go:35.74,38.3 2 0
github.com/editframe/telecine/scheduler/internal/scheduler/server.go:40.2,40.73 1 0
github.com/editframe/telecine/scheduler/internal/scheduler/server.go:40.73,43.3 2 0
github.com/editframe/telecine/scheduler/internal/scheduler/server.go:45.2,45.83 1 0
github.com/editframe/telecine/scheduler/internal/scheduler/server.go:45.83,46.26 1 0
github.com/editframe/telecine/scheduler/internal/scheduler/server.go:46.26,50.4 3 0
github.com/editframe/telecine/scheduler/internal/scheduler/server.go:52.3,54.64 3 0
github.com/editframe/telecine/scheduler/internal/scheduler/server.go:54.64,58.4 3 0
github.com/editframe/telecine/scheduler/internal/scheduler/server.go:61.2,61.77 1 0
github.com/editframe/telecine/scheduler/internal/scheduler/server.go:61.77,62.26 1 0
github.com/editframe/telecine/scheduler/internal/scheduler/server.go:62.26,66.4 3 0
github.com/editframe/telecine/scheduler/internal/scheduler/server.go:68.3,86.59 5 0
github.com/editframe/telecine/scheduler/internal/scheduler/server.go:86.59,90.4 3 0
github.com/editframe/telecine/scheduler/internal/scheduler/server.go:93.2,93.67 1 0
github.com/editframe/telecine/scheduler/internal/scheduler/server.go:93.67,94.24 1 0
github.com/editframe/telecine/scheduler/internal/scheduler/server.go:94.24,98.4 3 0
github.com/editframe/telecine/scheduler/internal/scheduler/server.go:99.3,100.31 2 0
github.com/editframe/telecine/scheduler/internal/scheduler/server.go:103.2,110.12 3 0
github.com/editframe/telecine/scheduler/internal/scheduler/server.go:110.12,115.3 4 0
github.com/editframe/telecine/scheduler/internal/scheduler/server.go:117.2,117.81 1 0
github.com/editframe/telecine/scheduler/internal/scheduler/server.go:117.81,119.3 1 0
github.com/editframe/telecine/scheduler/internal/scheduler/server.go:121.2,121.12 1 0
github.com/editframe/telecine/scheduler/internal/scheduler/server.go:124.54,126.2 1 0
github.com/editframe/telecine/scheduler/internal/scheduler/stalled.go:37.114,44.2 1 7
github.com/editframe/telecine/scheduler/internal/scheduler/stalled.go:46.56,48.2 1 4
github.com/editframe/telecine/scheduler/internal/scheduler/stalled.go:50.66,51.9 1 4
github.com/editframe/telecine/scheduler/internal/scheduler/stalled.go:52.20,53.9 1 0
github.com/editframe/telecine/scheduler/internal/scheduler/stalled.go:54.18,55.9 1 4
github.com/editframe/telecine/scheduler/internal/scheduler/stalled.go:56.58,57.40 1 0
github.com/editframe/telecine/scheduler/internal/scheduler/stalled.go:57.40,59.4 1 0
github.com/editframe/telecine/scheduler/internal/scheduler/stalled.go:60.3,60.25 1 0
github.com/editframe/telecine/scheduler/internal/scheduler/stalled.go:64.36,66.2 1 7
github.com/editframe/telecine/scheduler/internal/scheduler/stalled.go:68.64,69.29 1 0
github.com/editframe/telecine/scheduler/internal/scheduler/stalled.go:69.29,70.57 1 0
github.com/editframe/telecine/scheduler/internal/scheduler/stalled.go:70.57,72.4 1 0
github.com/editframe/telecine/scheduler/internal/scheduler/stalled.go:74.2,74.12 1 0
github.com/editframe/telecine/scheduler/internal/scheduler/stalled.go:77.93,87.31 6 0
github.com/editframe/telecine/scheduler/internal/scheduler/stalled.go:87.31,89.17 2 0
github.com/editframe/telecine/scheduler/internal/scheduler/stalled.go:89.17,91.4 1 0
github.com/editframe/telecine/scheduler/internal/scheduler/stalled.go:93.3,93.21 1 0
github.com/editframe/telecine/scheduler/internal/scheduler/stalled.go:93.21,94.9 1 0
github.com/editframe/telecine/scheduler/internal/scheduler/stalled.go:97.3,97.32 1 0
github.com/editframe/telecine/scheduler/internal/scheduler/stalled.go:97.32,99.69 2 0
github.com/editframe/telecine/scheduler/internal/scheduler/stalled.go:99.69,101.13 2 0
github.com/editframe/telecine/scheduler/internal/scheduler/stalled.go:104.4,104.49 1 0
github.com/editframe/telecine/scheduler/internal/scheduler/stalled.go:104.49,106.5 1 0
github.com/editframe/telecine/scheduler/internal/scheduler/stalled.go:108.4,108.15 1 0
github.com/editframe/telecine/scheduler/internal/scheduler/stalled.go:112.2,112.12 1 0
github.com/editframe/telecine/scheduler/internal/scheduler/stalled.go:115.76,116.32 1 0
github.com/editframe/telecine/scheduler/internal/scheduler/stalled.go:116.32,118.3 1 0
github.com/editframe/telecine/scheduler/internal/scheduler/stalled.go:120.2,122.16 3 0
github.com/editframe/telecine/scheduler/internal/scheduler/stalled.go:122.16,124.3 1 0
github.com/editframe/telecine/scheduler/internal/scheduler/stalled.go:126.2,126.140 1 0
github.com/editframe/telecine/scheduler/internal/scheduler/stalled.go:126.140,128.3 1 0
github.com/editframe/telecine/scheduler/internal/scheduler/stalled.go:130.2,130.111 1 0
github.com/editframe/telecine/scheduler/internal/scheduler/stalled.go:133.73,144.2 6 0
github.com/editframe/telecine/scheduler/internal/testutil/memory.go:19.39,29.2 5 0
github.com/editframe/telecine/scheduler/internal/testutil/memory.go:34.75,37.21 2 0
github.com/editframe/telecine/scheduler/internal/testutil/memory.go:37.21,39.3 1 0
github.com/editframe/telecine/scheduler/internal/testutil/memory.go:42.2,49.26 4 0
github.com/editframe/telecine/scheduler/internal/testutil/memory.go:49.26,51.3 1 0
github.com/editframe/telecine/scheduler/internal/testutil/memory.go:52.2,55.37 2 0
github.com/editframe/telecine/scheduler/internal/testutil/memory.go:55.37,57.3 1 0
github.com/editframe/telecine/scheduler/internal/testutil/memory.go:58.2,86.87 16 0
github.com/editframe/telecine/scheduler/internal/testutil/memory.go:92.79,104.2 5 0
github.com/editframe/telecine/scheduler/internal/testutil/memory.go:106.32,107.50 1 0
github.com/editframe/telecine/scheduler/internal/testutil/memory.go:107.50,109.17 2 0
github.com/editframe/telecine/scheduler/internal/testutil/memory.go:109.17,111.4 1 0
github.com/editframe/telecine/scheduler/internal/testutil/memory.go:112.3,112.27 1 0
github.com/editframe/telecine/scheduler/internal/testutil/memory.go:114.2,114.25 1 0
github.com/editframe/telecine/scheduler/internal/testutil/tracing.go:24.49,40.19 7 15
github.com/editframe/telecine/scheduler/internal/testutil/tracing.go:40.19,41.17 1 15
github.com/editframe/telecine/scheduler/internal/testutil/tracing.go:41.17,51.4 3 0
github.com/editframe/telecine/scheduler/internal/testutil/tracing.go:51.9,51.25 1 15
github.com/editframe/telecine/scheduler/internal/testutil/tracing.go:51.25,57.4 2 1
github.com/editframe/telecine/scheduler/internal/testutil/tracing.go:57.9,63.4 2 14
github.com/editframe/telecine/scheduler/internal/testutil/tracing.go:64.3,64.13 1 15
github.com/editframe/telecine/scheduler/internal/testutil/tracing.go:67.2,67.12 1 15
github.com/editframe/telecine/scheduler/internal/testutil/tracing.go:75.61,76.66 1 0
github.com/editframe/telecine/scheduler/internal/testutil/tracing.go:76.66,78.3 1 0
github.com/editframe/telecine/scheduler/internal/testutil/tracing.go:80.2,80.25 1 0
github.com/editframe/telecine/scheduler/internal/testutil/tracing.go:89.80,91.2 1 2
github.com/editframe/telecine/scheduler/internal/testutil/tracing.go:100.50,102.24 2 0
github.com/editframe/telecine/scheduler/internal/testutil/tracing.go:102.24,105.3 2 0
github.com/editframe/telecine/scheduler/internal/testutil/tracing.go:109.76,111.24 2 0
github.com/editframe/telecine/scheduler/internal/testutil/tracing.go:111.24,115.3 3 0
github.com/editframe/telecine/scheduler/internal/testutil/tracing.go:120.31,122.2 1 10
github.com/editframe/telecine/scheduler/internal/redis/cleanup.go:27.43,35.2 1 0
github.com/editframe/telecine/scheduler/internal/redis/cleanup.go:46.108,53.2 1 1
github.com/editframe/telecine/scheduler/internal/redis/cleanup.go:56.53,58.2 1 1
github.com/editframe/telecine/scheduler/internal/redis/cleanup.go:61.33,63.2 1 1
github.com/editframe/telecine/scheduler/internal/redis/cleanup.go:66.62,70.6 3 1
github.com/editframe/telecine/scheduler/internal/redis/cleanup.go:70.6,71.10 1 6
github.com/editframe/telecine/scheduler/internal/redis/cleanup.go:72.21,73.10 1 0
github.com/editframe/telecine/scheduler/internal/redis/cleanup.go:74.19,75.10 1 1
github.com/editframe/telecine/scheduler/internal/redis/cleanup.go:76.19,77.41 1 5
github.com/editframe/telecine/scheduler/internal/redis/cleanup.go:77.41,79.5 1 0
github.com/editframe/telecine/scheduler/internal/redis/cleanup.go:85.61,89.52 2 5
github.com/editframe/telecine/scheduler/internal/redis/cleanup.go:89.52,91.3 1 1
github.com/editframe/telecine/scheduler/internal/redis/cleanup.go:94.2,94.49 1 5
github.com/editframe/telecine/scheduler/internal/redis/cleanup.go:94.49,96.3 1 1
github.com/editframe/telecine/scheduler/internal/redis/cleanup.go:99.2,99.51 1 5
github.com/editframe/telecine/scheduler/internal/redis/cleanup.go:99.51,101.3 1 1
github.com/editframe/telecine/scheduler/internal/redis/cleanup.go:104.2,104.52 1 5
github.com/editframe/telecine/scheduler/internal/redis/cleanup.go:104.52,106.3 1 1
github.com/editframe/telecine/scheduler/internal/redis/cleanup.go:108.2,109.12 2 5
github.com/editframe/telecine/scheduler/internal/redis/cleanup.go:113.74,118.16 3 5
github.com/editframe/telecine/scheduler/internal/redis/cleanup.go:118.16,120.3 1 1
github.com/editframe/telecine/scheduler/internal/redis/cleanup.go:122.2,123.32 2 4
github.com/editframe/telecine/scheduler/internal/redis/cleanup.go:123.32,125.17 2 28
github.com/editframe/telecine/scheduler/internal/redis/cleanup.go:125.17,127.12 2 0
github.com/editframe/telecine/scheduler/internal/redis/cleanup.go:129.3,129.26 1 28
github.com/editframe/telecine/scheduler/internal/redis/cleanup.go:132.2,133.12 2 4
github.com/editframe/telecine/scheduler/internal/redis/cleanup.go:137.71,142.16 3 5
github.com/editframe/telecine/scheduler/internal/redis/cleanup.go:142.16,144.3 1 1
github.com/editframe/telecine/scheduler/internal/redis/cleanup.go:146.2,147.32 2 4
github.com/editframe/telecine/scheduler/internal/redis/cleanup.go:147.32,149.17 2 0
github.com/editframe/telecine/scheduler/internal/redis/cleanup.go:149.17,151.12 2 0
github.com/editframe/telecine/scheduler/internal/redis/cleanup.go:153.3,153.26 1 0
github.com/editframe/telecine/scheduler/internal/redis/cleanup.go:156.2,157.12 2 4
github.com/editframe/telecine/scheduler/internal/redis/cleanup.go:161.120,169.16 2 28
github.com/editframe/telecine/scheduler/internal/redis/cleanup.go:169.16,171.3 1 0
github.com/editframe/telecine/scheduler/internal/redis/cleanup.go:173.2,173.23 1 28
github.com/editframe/telecine/scheduler/internal/redis/cleanup.go:173.23,175.3 1 3
github.com/editframe/telecine/scheduler/internal/redis/cleanup.go:178.2,179.21 2 25
github.com/editframe/telecine/scheduler/internal/redis/cleanup.go:179.21,181.3 1 0
github.com/editframe/telecine/scheduler/internal/redis/cleanup.go:184.2,185.33 2 25
github.com/editframe/telecine/scheduler/internal/redis/cleanup.go:185.33,186.81 1 98
github.com/editframe/telecine/scheduler/internal/redis/cleanup.go:186.81,188.12 2 0
github.com/editframe/telecine/scheduler/internal/redis/cleanup.go:190.3,190.12 1 98
github.com/editframe/telecine/scheduler/internal/redis/cleanup.go:193.2,193.21 1 25
github.com/editframe/telecine/scheduler/internal/redis/cleanup.go:197.109,200.16 2 98
[...]
github.com/editframe/telecine/scheduler/internal/connection/statemachine.go:433.12,439.60 2 1
github.com/editframe/telecine/scheduler/internal/connection/statemachine.go:441.4,441.10 1 1
github.com/editframe/telecine/scheduler/internal/connection/statemachine.go:445.3,445.50 1 11
github.com/editframe/telecine/scheduler/internal/connection/statemachine.go:445.50,446.11 1 0
github.com/editframe/telecine/scheduler/internal/connection/statemachine.go:447.29,451.54 1 0
github.com/editframe/telecine/scheduler/internal/connection/statemachine.go:452.12,458.60 2 0
github.com/editframe/telecine/scheduler/internal/connection/statemachine.go:460.4,460.10 1 0
github.com/editframe/telecine/scheduler/internal/connection/statemachine.go:463.3,477.18 6 11
github.com/editframe/telecine/scheduler/internal/connection/statemachine.go:477.18,479.4 1 10
github.com/editframe/telecine/scheduler/internal/connection/statemachine.go:483.2,483.22 1 12
github.com/editframe/telecine/scheduler/internal/connection/statemachine.go:483.22,484.77 1 12
github.com/editframe/telecine/scheduler/internal/connection/statemachine.go:484.77,490.4 2 0
github.com/editframe/telecine/scheduler/internal/connection/statemachine.go:491.3,491.13 1 12
github.com/editframe/telecine/scheduler/internal/connection/statemachine.go:495.135,503.76 3 11
github.com/editframe/telecine/scheduler/internal/connection/statemachine.go:503.76,505.3 1 0
github.com/editframe/telecine/scheduler/internal/connection/statemachine.go:508.2,509.21 2 11
github.com/editframe/telecine/scheduler/internal/connection/statemachine.go:509.21,511.3 1 0
github.com/editframe/telecine/scheduler/internal/connection/statemachine.go:514.2,515.48 2 11
github.com/editframe/telecine/scheduler/internal/connection/statemachine.go:515.48,517.3 1 11
github.com/editframe/telecine/scheduler/internal/connection/statemachine.go:520.2,520.22 1 11
github.com/editframe/telecine/scheduler/internal/connection/statemachine.go:520.22,527.10 2 8
github.com/editframe/telecine/scheduler/internal/connection/statemachine.go:528.33,528.33 0 0
github.com/editframe/telecine/scheduler/internal/connection/statemachine.go:530.11,531.33 1 8
github.com/editframe/telecine/scheduler/internal/connection/statemachine.go:533.3,535.76 2 8
github.com/editframe/telecine/scheduler/internal/connection/statemachine.go:535.76,541.4 2 1
github.com/editframe/telecine/scheduler/internal/connection/statemachine.go:542.3,542.13 1 3
github.com/editframe/telecine/scheduler/internal/connection/statemachine.go:546.139,554.80 3 0
github.com/editframe/telecine/scheduler/internal/connection/statemachine.go:554.80,556.3 1 0
github.com/editframe/telecine/scheduler/internal/connection/statemachine.go:559.2,561.44 2 0
github.com/editframe/telecine/scheduler/internal/connection/statemachine.go:561.44,573.13 5 0
github.com/editframe/telecine/scheduler/internal/connection/statemachine.go:573.13,575.4 1 0
github.com/editframe/telecine/scheduler/internal/connection/statemachine.go:577.3,577.10 1 0
github.com/editframe/telecine/scheduler/internal/connection/statemachine.go:578.22,579.18 1 0
github.com/editframe/telecine/scheduler/internal/connection/statemachine.go:579.18,584.5 1 0
github.com/editframe/telecine/scheduler/internal/connection/statemachine.go:586.4,591.19 5 0
github.com/editframe/telecine/scheduler/internal/connection/statemachine.go:591.19,593.5 1 0
github.com/editframe/telecine/scheduler/internal/connection/statemachine.go:594.31,601.19 5 0
github.com/editframe/telecine/scheduler/internal/connection/statemachine.go:601.19,607.5 2 0
github.com/editframe/telecine/scheduler/internal/connection/statemachine.go:612.2,612.22 1 0
github.com/editframe/telecine/scheduler/internal/connection/statemachine.go:612.22,613.80 1 0
github.com/editframe/telecine/scheduler/internal/connection/statemachine.go:613.80,619.4 2 0
github.com/editframe/telecine/scheduler/internal/connection/statemachine.go:620.3,620.13 1 0
github.com/editframe/telecine/scheduler/internal/connection/statemachine.go:624.134,641.2 4 4
github.com/editframe/telecine/scheduler/internal/connection/statemachine.go:643.81,646.9 3 0
github.com/editframe/telecine/scheduler/internal/connection/statemachine.go:646.9,649.3 2 0
github.com/editframe/telecine/scheduler/internal/connection/statemachine.go:651.2,655.17 4 0
github.com/editframe/telecine/scheduler/internal/connection/statemachine.go:655.17,664.3 5 0
github.com/editframe/telecine/scheduler/internal/connection/statemachine.go:667.115,677.51 6 11
github.com/editframe/telecine/scheduler/internal/connection/statemachine.go:677.51,681.7 3 11
github.com/editframe/telecine/scheduler/internal/connection/statemachine.go:681.7,682.11 1 11
github.com/editframe/telecine/scheduler/internal/connection/statemachine.go:683.26,684.11 1 11
github.com/editframe/telecine/scheduler/internal/connection/statemachine.go:685.20,688.55 3 0
github.com/editframe/telecine/scheduler/internal/connection/statemachine.go:688.55,692.6 3 0
github.com/editframe/telecine/scheduler/internal/connection/statemachine.go:693.5,693.20 1 0
github.com/editframe/telecine/scheduler/internal/connection/statemachine.go:698.2,698.6 1 11
github.com/editframe/telecine/scheduler/internal/connection/statemachine.go:698.6,699.10 1 11
github.com/editframe/telecine/scheduler/internal/connection/statemachine.go:700.33,701.10 1 1
github.com/editframe/telecine/scheduler/internal/connection/statemachine.go:702.25,703.10 1 0
github.com/editframe/telecine/scheduler/internal/connection/statemachine.go:704.22,705.10 1 10
github.com/editframe/telecine/scheduler/internal/connection/statemachine.go:706.19,710.54 3 0
github.com/editframe/telecine/scheduler/internal/connection/statemachine.go:710.54,713.5 2 0
github.com/editframe/telecine/scheduler/internal/connection/statemachine.go:714.4,715.22 2 0
github.com/editframe/telecine/scheduler/internal/connection/statemachine.go:715.22,717.5 1 0
github.com/editframe/telecine/scheduler/internal/connection/statemachine.go:718.4,720.21 2 0
github.com/editframe/telecine/scheduler/internal/connection/statemachine.go:720.21,727.5 3 0
github.com/editframe/telecine/scheduler/internal/connection/statemachine.go:732.129,738.2 2 23
github.com/editframe/telecine/scheduler/internal/connection/statemachine.go:740.120,744.63 2 20
github.com/editframe/telecine/scheduler/internal/connection/statemachine.go:744.63,746.17 2 23
github.com/editframe/telecine/scheduler/internal/connection/statemachine.go:746.17,748.4 1 15
github.com/editframe/telecine/scheduler/internal/connection/statemachine.go:750.3,750.40 1 8
github.com/editframe/telecine/scheduler/internal/connection/statemachine.go:750.40,760.4 3 7
github.com/editframe/telecine/scheduler/internal/connection/statemachine.go:760.9,762.4 1 1
github.com/editframe/telecine/scheduler/internal/connection/statemachine.go:765.2,765.12 1 0
github.com/editframe/telecine/scheduler/internal/connection/statemachine.go:768.99,773.52 4 4
github.com/editframe/telecine/scheduler/internal/connection/statemachine.go:773.52,774.30 1 5
github.com/editframe/telecine/scheduler/internal/connection/statemachine.go:774.30,775.45 1 5
github.com/editframe/telecine/scheduler/internal/connection/statemachine.go:775.45,777.5 1 3
github.com/editframe/telecine/scheduler/internal/connection/statemachine.go:780.2,780.14 1 4
github.com/editframe/telecine/scheduler/internal/connection/statemachine.go:783.66,788.52 4 5
github.com/editframe/telecine/scheduler/internal/connection/statemachine.go:788.52,789.32 1 10
github.com/editframe/telecine/scheduler/internal/connection/statemachine.go:789.32,790.77 1 8
github.com/editframe/telecine/scheduler/internal/connection/statemachine.go:790.77,792.5 1 8
github.com/editframe/telecine/scheduler/internal/connection/statemachine.go:796.2,796.14 1 5
github.com/editframe/telecine/scheduler/internal/connection/statemachine.go:799.62,804.52 4 4
github.com/editframe/telecine/scheduler/internal/connection/statemachine.go:804.52,805.32 1 9
github.com/editframe/telecine/scheduler/internal/connection/statemachine.go:805.32,807.39 1 9
github.com/editframe/telecine/scheduler/internal/connection/statemachine.go:807.39,809.5 1 9
github.com/editframe/telecine/scheduler/internal/connection/statemachine.go:813.2,813.14 1 4
github.com/editframe/telecine/scheduler/internal/connection/statemachine.go:816.81,818.21 2 0
github.com/editframe/telecine/scheduler/internal/connection/statemachine.go:818.21,820.3 1 0
github.com/editframe/telecine/scheduler/internal/connection/statemachine.go:822.2,822.54 1 0
github.com/editframe/telecine/scheduler/internal/connection/statemachine.go:826.94,831.42 4 0
github.com/editframe/telecine/scheduler/internal/connection/statemachine.go:831.42,833.3 1 0
github.com/editframe/telecine/scheduler/internal/connection/statemachine.go:834.2,834.21 1 0
github.com/editframe/telecine/scheduler/internal/connection/timeprovider.go:24.46,26.2 1 8
github.com/editframe/telecine/scheduler/internal/connection/timeprovider.go:28.44,30.2 1 1
github.com/editframe/telecine/scheduler/internal/connection/timeprovider.go:32.51,34.2 1 0
github.com/editframe/telecine/scheduler/internal/connection/timeprovider.go:36.68,38.2 1 1
github.com/editframe/telecine/scheduler/internal/connection/timeprovider.go:40.62,42.2 1 1
github.com/editframe/telecine/scheduler/internal/connection/timeprovider.go:49.43,51.2 1 1
github.com/editframe/telecine/scheduler/internal/connection/timeprovider.go:53.29,55.2 1 1
github.com/editframe/telecine/scheduler/internal/connection/timeprovider.go:57.45,59.2 1 0
github.com/editframe/telecine/scheduler/internal/connection/timeprovider.go:67.65,71.2 1 25
github.com/editframe/telecine/scheduler/internal/connection/timeprovider.go:73.44,75.2 1 1828498
github.com/editframe/telecine/scheduler/internal/connection/timeprovider.go:77.51,80.2 1 1
github.com/editframe/telecine/scheduler/internal/connection/timeprovider.go:82.68,87.2 4 1
github.com/editframe/telecine/scheduler/internal/connection/timeprovider.go:89.62,95.2 1 22
github.com/editframe/telecine/scheduler/internal/connection/timeprovider.go:105.43,106.16 1 914254
github.com/editframe/telecine/scheduler/internal/connection/timeprovider.go:106.16,108.10 1 914254
github.com/editframe/telecine/scheduler/internal/connection/timeprovider.go:109.33,109.33 0 914254
github.com/editframe/telecine/scheduler/internal/connection/timeprovider.go:110.11,110.11 0 0
github.com/editframe/telecine/scheduler/internal/connection/timeprovider.go:113.2,113.13 1 914252
github.com/editframe/telecine/scheduler/internal/connection/timeprovider.go:116.29,119.2 2 14
github.com/editframe/telecine/scheduler/internal/connection/timeprovider.go:121.45,124.2 2 1
github.com/editframe/telecine/scheduler/internal/connection/worker.go:22.59,25.2 2 0
github.com/editframe/telecine/scheduler/internal/connection/worker.go:58.30,60.56 2 24
github.com/editframe/telecine/scheduler/internal/connection/worker.go:60.56,62.3 1 0
github.com/editframe/telecine/scheduler/internal/connection/worker.go:62.8,62.70 1 24
github.com/editframe/telecine/scheduler/internal/connection/worker.go:62.70,64.3 1 0
github.com/editframe/telecine/scheduler/internal/connection/worker.go:66.2,82.8 2 24
github.com/editframe/telecine/scheduler/internal/connection/worker.go:86.63,88.9 1 22
github.com/editframe/telecine/scheduler/internal/connection/worker.go:89.23,91.13 1 1
github.com/editframe/telecine/scheduler/internal/connection/worker.go:92.10,92.10 0 21
github.com/editframe/telecine/scheduler/internal/connection/worker.go:96.2,103.16 3 21
github.com/editframe/telecine/scheduler/internal/connection/worker.go:103.16,111.3 2 2
github.com/editframe/telecine/scheduler/internal/connection/worker.go:113.2,127.9 6 19
github.com/editframe/telecine/scheduler/internal/connection/worker.go:128.23,128.23 0 0
github.com/editframe/telecine/scheduler/internal/connection/worker.go:130.10,131.23 1 19
github.com/editframe/telecine/scheduler/internal/connection/worker.go:134.2,134.12 1 19
github.com/editframe/telecine/scheduler/internal/connection/worker.go:137.39,138.15 1 19
github.com/editframe/telecine/scheduler/internal/connection/worker.go:138.15,140.10 2 13
github.com/editframe/telecine/scheduler/internal/connection/worker.go:141.27,141.27 0 5
github.com/editframe/telecine/scheduler/internal/connection/worker.go:142.11,143.27 1 1
github.com/editframe/telecine/scheduler/internal/connection/worker.go:147.2,147.19 1 19
github.com/editframe/telecine/scheduler/internal/connection/worker.go:147.19,154.3 2 0
github.com/editframe/telecine/scheduler/internal/connection/worker.go:157.2,157.9 1 19
github.com/editframe/telecine/scheduler/internal/connection/worker.go:157.9,160.18 2 19
github.com/editframe/telecine/scheduler/internal/connection/worker.go:160.18,167.4 2 0
github.com/editframe/telecine/scheduler/internal/connection/worker.go:169.3,169.50 1 19
github.com/editframe/telecine/scheduler/internal/connection/worker.go:169.50,172.4 2 0
github.com/editframe/telecine/scheduler/internal/connection/worker.go:176.2,176.19 1 19
github.com/editframe/telecine/scheduler/internal/connection/worker.go:176.19,183.3 2 0
github.com/editframe/telecine/scheduler/internal/connection/worker.go:185.2,185.6 1 19
github.com/editframe/telecine/scheduler/internal/connection/worker.go:185.6,186.10 1 19
github.com/editframe/telecine/scheduler/internal/connection/worker.go:187.23,188.10 1 0
github.com/editframe/telecine/scheduler/internal/connection/worker.go:189.11,190.21 1 19
github.com/editframe/telecine/scheduler/internal/connection/worker.go:190.21,197.5 2 0
github.com/editframe/telecine/scheduler/internal/connection/worker.go:199.4,203.11 4 19
github.com/editframe/telecine/scheduler/internal/connection/worker.go:203.11,204.18 1 19
github.com/editframe/telecine/scheduler/internal/connection/worker.go:204.18,205.34 1 13
github.com/editframe/telecine/scheduler/internal/connection/worker.go:205.34,206.99 1 0
github.com/editframe/telecine/scheduler/internal/connection/worker.go:206.99,216.8 3 0
github.com/editframe/telecine/scheduler/internal/connection/worker.go:216.13,223.16 2 0
github.com/editframe/telecine/scheduler/internal/connection/worker.go:227.5,227.46 1 19
github.com/editframe/telecine/scheduler/internal/connection/worker.go:230.4,230.18 1 13
github.com/editframe/telecine/scheduler/internal/connection/worker.go:230.18,231.62 1 13
github.com/editframe/telecine/scheduler/internal/connection/worker.go:231.62,232.14 1 0
github.com/editframe/telecine/scheduler/internal/connection/worker.go:234.5,235.67 1 13
github.com/editframe/telecine/scheduler/internal/connection/worker.go:235.67,245.6 3 0
github.com/editframe/telecine/scheduler/internal/connection/worker.go:246.5,252.11 2 13
github.com/editframe/telecine/scheduler/internal/connection/worker.go:255.4,255.78 1 0
github.com/editframe/telecine/scheduler/internal/connection/worker.go:255.78,261.5 1 0
github.com/editframe/telecine/scheduler/internal/connection/worker.go:266.39,270.6 3 19
github.com/editframe/telecine/scheduler/internal/connection/worker.go:270.6,271.10 1 914264
github.com/editframe/telecine/scheduler/internal/connection/worker.go:272.23,273.10 1 5
github.com/editframe/telecine/scheduler/internal/connection/worker.go:274.21,276.21 1 914252
github.com/editframe/telecine/scheduler/internal/connection/worker.go:276.21,283.5 2 1
github.com/editframe/telecine/scheduler/internal/connection/worker.go:285.4,292.19 3 914251
github.com/editframe/telecine/scheduler/internal/connection/worker.go:292.19,298.5 2 0
github.com/editframe/telecine/scheduler/internal/connection/worker.go:300.4,300.116 1 914251
github.com/editframe/telecine/scheduler/internal/connection/worker.go:300.116,308.5 2 6
github.com/editframe/telecine/scheduler/internal/connection/worker.go:313.47,316.19 2 0
github.com/editframe/telecine/scheduler/internal/connection/worker.go:316.19,324.3 3 0
github.com/editframe/telecine/scheduler/internal/connection/worker.go:326.2,328.16 3 0
github.com/editframe/telecine/scheduler/internal/connection/worker.go:328.16,330.3 1 0
github.com/editframe/telecine/scheduler/internal/connection/worker.go:332.2,332.77 1 0
github.com/editframe/telecine/scheduler/internal/connection/worker.go:332.77,339.3 1 0
github.com/editframe/telecine/scheduler/internal/connection/worker.go:341.2,341.9 1 0
github.com/editframe/telecine/scheduler/internal/connection/worker.go:342.26,347.86 1 0
github.com/editframe/telecine/scheduler/internal/connection/worker.go:348.66,355.16 2 0
github.com/editframe/telecine/scheduler/internal/connection/worker.go:358.2,358.12 1 0
github.com/editframe/telecine/scheduler/internal/connection/worker.go:361.40,364.19 3 16
github.com/editframe/telecine/scheduler/internal/connection/worker.go:364.19,367.3 2 12
github.com/editframe/telecine/scheduler/internal/connection/worker.go:368.2,368.9 1 16
github.com/editframe/telecine/scheduler/internal/connection/worker.go:369.26,369.26 0 2
github.com/editframe/telecine/scheduler/internal/connection/worker.go:370.10,371.26 1 14
github.com/editframe/telecine/scheduler/internal/connection/worker.go:375.54,376.9 1 12
github.com/editframe/telecine/scheduler/internal/connection/worker.go:377.23,378.13 1 12
github.com/editframe/telecine/scheduler/internal/connection/worker.go:379.38,380.42 1 0
github.com/editframe/telecine/scheduler/internal/connection/worker.go:384.36,386.2 1 24
github.com/editframe/telecine/scheduler/internal/testutil/memory.go:19.39,29.2 5 0
github.com/editframe/telecine/scheduler/internal/testutil/memory.go:34.75,37.21 2 0
github.com/editframe/telecine/scheduler/internal/testutil/memory.go:37.21,39.3 1 0
github.com/editframe/telecine/scheduler/internal/testutil/memory.go:42.2,49.26 4 0
github.com/editframe/telecine/scheduler/internal/testutil/memory.go:49.26,51.3 1 0
github.com/editframe/telecine/scheduler/internal/testutil/memory.go:52.2,55.37 2 0
github.com/editframe/telecine/scheduler/internal/testutil/memory.go:55.37,57.3 1 0
github.com/editframe/telecine/scheduler/internal/testutil/memory.go:58.2,86.87 16 0
github.com/editframe/telecine/scheduler/internal/testutil/memory.go:92.79,104.2 5 0
github.com/editframe/telecine/scheduler/internal/testutil/memory.go:106.32,107.50 1 7
github.com/editframe/telecine/scheduler/internal/testutil/memory.go:107.50,109.17 2 7
github.com/editframe/telecine/scheduler/internal/testutil/memory.go:109.17,111.4 1 0
github.com/editframe/telecine/scheduler/internal/testutil/memory.go:112.3,112.27 1 7
github.com/editframe/telecine/scheduler/internal/testutil/memory.go:114.2,114.25 1 0
github.com/editframe/telecine/scheduler/internal/testutil/tracing.go:24.49,40.19 7 0
github.com/editframe/telecine/scheduler/internal/testutil/tracing.go:40.19,41.17 1 0
github.com/editframe/telecine/scheduler/internal/testutil/tracing.go:41.17,51.4 3 0
github.com/editframe/telecine/scheduler/internal/testutil/tracing.go:51.9,51.25 1 0
github.com/editframe/telecine/scheduler/internal/testutil/tracing.go:51.25,57.4 2 0
github.com/editframe/telecine/scheduler/internal/testutil/tracing.go:57.9,63.4 2 0
github.com/editframe/telecine/scheduler/internal/testutil/tracing.go:64.3,64.13 1 0
github.com/editframe/telecine/scheduler/internal/testutil/tracing.go:67.2,67.12 1 0
github.com/editframe/telecine/scheduler/internal/testutil/tracing.go:75.61,76.66 1 0
github.com/editframe/telecine/scheduler/internal/testutil/tracing.go:76.66,78.3 1 0
github.com/editframe/telecine/scheduler/internal/testutil/tracing.go:80.2,80.25 1 0
github.com/editframe/telecine/scheduler/internal/testutil/tracing.go:89.80,91.2 1 0
github.com/editframe/telecine/scheduler/internal/testutil/tracing.go:100.50,102.24 2 0
github.com/editframe/telecine/scheduler/internal/testutil/tracing.go:102.24,105.3 2 0
github.com/editframe/telecine/scheduler/internal/testutil/tracing.go:109.76,111.24 2 0
github.com/editframe/telecine/scheduler/internal/testutil/tracing.go:111.24,115.3 3 0
github.com/editframe/telecine/scheduler/internal/testutil/tracing.go:120.31,122.2 1 18
